[2025-02-22T12:47:28.158+0000] {manager.py:487} INFO - Processing files using up to 2 processes at a time 
[2025-02-22T12:47:28.158+0000] {manager.py:488} INFO - Process each file at most once every 30 seconds
[2025-02-22T12:47:28.158+0000] {manager.py:489} INFO - Checking for new files in /opt/airflow/dags every 300 seconds
[2025-02-22T12:47:28.159+0000] {manager.py:755} INFO - Searching for files in /opt/airflow/dags
[2025-02-22T12:47:28.163+0000] {manager.py:758} INFO - There are 1 files in /opt/airflow/dags
[2025-02-22T12:47:43.389+0000] {manager.py:887} INFO - 
================================================================================
DAG File Processing Stats

File Path                        PID    Runtime      # DAGs    # Errors  Last Runtime    Last Run
-------------------------------  -----  ---------  --------  ----------  --------------  -------------------
/opt/airflow/dags/sample_etl.py                           1           0  0.35s           2025-02-22T12:47:28
================================================================================
[2025-02-22T12:48:13.905+0000] {manager.py:887} INFO - 
================================================================================
DAG File Processing Stats

File Path                        PID    Runtime      # DAGs    # Errors  Last Runtime    Last Run
-------------------------------  -----  ---------  --------  ----------  --------------  -------------------
/opt/airflow/dags/sample_etl.py                           1           0  0.17s           2025-02-22T12:47:58
================================================================================
[2025-02-22T12:48:44.121+0000] {manager.py:887} INFO - 
================================================================================
DAG File Processing Stats

File Path                        PID    Runtime      # DAGs    # Errors  Last Runtime    Last Run
-------------------------------  -----  ---------  --------  ----------  --------------  -------------------
/opt/airflow/dags/sample_etl.py                           1           0  0.07s           2025-02-22T12:48:29
================================================================================
[2025-02-22T12:49:14.377+0000] {manager.py:887} INFO - 
================================================================================
DAG File Processing Stats

File Path                        PID    Runtime      # DAGs    # Errors  Last Runtime    Last Run
-------------------------------  -----  ---------  --------  ----------  --------------  -------------------
/opt/airflow/dags/sample_etl.py                           1           0  0.08s           2025-02-22T12:48:59
================================================================================
[2025-02-22T12:49:44.663+0000] {manager.py:887} INFO - 
================================================================================
DAG File Processing Stats

File Path                        PID    Runtime      # DAGs    # Errors  Last Runtime    Last Run
-------------------------------  -----  ---------  --------  ----------  --------------  -------------------
/opt/airflow/dags/sample_etl.py                           1           0  0.08s           2025-02-22T12:49:29
================================================================================
[2025-02-22T12:50:14.955+0000] {manager.py:887} INFO - 
================================================================================
DAG File Processing Stats

File Path                        PID    Runtime      # DAGs    # Errors  Last Runtime    Last Run
-------------------------------  -----  ---------  --------  ----------  --------------  -------------------
/opt/airflow/dags/sample_etl.py                           1           0  0.06s           2025-02-22T12:49:59
================================================================================
[2025-02-22T12:50:45.207+0000] {manager.py:887} INFO - 
================================================================================
DAG File Processing Stats

File Path                        PID    Runtime      # DAGs    # Errors  Last Runtime    Last Run
-------------------------------  -----  ---------  --------  ----------  --------------  -------------------
/opt/airflow/dags/sample_etl.py                           1           0  0.09s           2025-02-22T12:50:30
================================================================================
[2025-02-22T12:51:15.490+0000] {manager.py:887} INFO - 
================================================================================
DAG File Processing Stats

File Path                        PID    Runtime      # DAGs    # Errors  Last Runtime    Last Run
-------------------------------  -----  ---------  --------  ----------  --------------  -------------------
/opt/airflow/dags/sample_etl.py                           1           0  0.08s           2025-02-22T12:51:00
================================================================================
[2025-02-22T12:51:45.778+0000] {manager.py:887} INFO - 
================================================================================
DAG File Processing Stats

File Path                        PID    Runtime      # DAGs    # Errors  Last Runtime    Last Run
-------------------------------  -----  ---------  --------  ----------  --------------  -------------------
/opt/airflow/dags/sample_etl.py                           1           0  0.07s           2025-02-22T12:51:30
================================================================================
[2025-02-22T12:52:16.070+0000] {manager.py:887} INFO - 
================================================================================
DAG File Processing Stats

File Path                        PID    Runtime      # DAGs    # Errors  Last Runtime    Last Run
-------------------------------  -----  ---------  --------  ----------  --------------  -------------------
/opt/airflow/dags/sample_etl.py                           1           0  0.07s           2025-02-22T12:52:00
================================================================================
[2025-02-22T12:52:28.164+0000] {manager.py:755} INFO - Searching for files in /opt/airflow/dags
[2025-02-22T12:52:28.171+0000] {manager.py:758} INFO - There are 2 files in /opt/airflow/dags
[2025-02-22T12:52:46.386+0000] {manager.py:887} INFO - 
================================================================================
DAG File Processing Stats

File Path                        PID    Runtime      # DAGs    # Errors  Last Runtime    Last Run
-------------------------------  -----  ---------  --------  ----------  --------------  -------------------
/opt/airflow/dags/api.py                                  0           1  0.04s           2025-02-22T12:52:28
/opt/airflow/dags/sample_etl.py                           1           0  0.06s           2025-02-22T12:52:31
================================================================================
[2025-02-22T12:53:16.703+0000] {manager.py:887} INFO - 
================================================================================
DAG File Processing Stats

File Path                        PID    Runtime      # DAGs    # Errors  Last Runtime    Last Run
-------------------------------  -----  ---------  --------  ----------  --------------  -------------------
/opt/airflow/dags/api.py                                  0           1  0.04s           2025-02-22T12:52:58
/opt/airflow/dags/sample_etl.py                           1           0  0.08s           2025-02-22T12:53:01
================================================================================
[2025-02-22T12:53:46.974+0000] {manager.py:887} INFO - 
================================================================================
DAG File Processing Stats

File Path                        PID    Runtime      # DAGs    # Errors  Last Runtime    Last Run
-------------------------------  -----  ---------  --------  ----------  --------------  -------------------
/opt/airflow/dags/api.py                                  0           1  0.04s           2025-02-22T12:53:28
/opt/airflow/dags/sample_etl.py                           1           0  0.07s           2025-02-22T12:53:31
================================================================================
[2025-02-22T12:54:17.254+0000] {manager.py:887} INFO - 
================================================================================
DAG File Processing Stats

File Path                        PID    Runtime      # DAGs    # Errors  Last Runtime    Last Run
-------------------------------  -----  ---------  --------  ----------  --------------  -------------------
/opt/airflow/dags/api.py                                  0           1  0.04s           2025-02-22T12:53:59
/opt/airflow/dags/sample_etl.py                           1           0  0.07s           2025-02-22T12:54:02
================================================================================
[2025-02-22T12:54:47.527+0000] {manager.py:887} INFO - 
================================================================================
DAG File Processing Stats

File Path                        PID    Runtime      # DAGs    # Errors  Last Runtime    Last Run
-------------------------------  -----  ---------  --------  ----------  --------------  -------------------
/opt/airflow/dags/api.py                                  0           1  0.03s           2025-02-22T12:54:29
/opt/airflow/dags/sample_etl.py                           1           0  0.06s           2025-02-22T12:54:32
================================================================================
[2025-02-22T12:55:17.844+0000] {manager.py:887} INFO - 
================================================================================
DAG File Processing Stats

File Path                        PID    Runtime      # DAGs    # Errors  Last Runtime    Last Run
-------------------------------  -----  ---------  --------  ----------  --------------  -------------------
/opt/airflow/dags/api.py                                  0           1  0.04s           2025-02-22T12:54:59
/opt/airflow/dags/sample_etl.py                           1           0  0.08s           2025-02-22T12:55:02
================================================================================
[2025-02-22T12:55:48.114+0000] {manager.py:887} INFO - 
================================================================================
DAG File Processing Stats

File Path                        PID    Runtime      # DAGs    # Errors  Last Runtime    Last Run
-------------------------------  -----  ---------  --------  ----------  --------------  -------------------
/opt/airflow/dags/api.py                                  0           1  0.04s           2025-02-22T12:55:29
/opt/airflow/dags/sample_etl.py                           1           0  0.08s           2025-02-22T12:55:33
================================================================================
[2025-02-22T12:56:18.412+0000] {manager.py:887} INFO - 
================================================================================
DAG File Processing Stats

File Path                        PID    Runtime      # DAGs    # Errors  Last Runtime    Last Run
-------------------------------  -----  ---------  --------  ----------  --------------  -------------------
/opt/airflow/dags/api.py                                  0           1  0.04s           2025-02-22T12:56:00
/opt/airflow/dags/sample_etl.py                           1           0  0.08s           2025-02-22T12:56:03
================================================================================
[2025-02-22T12:56:48.710+0000] {manager.py:887} INFO - 
================================================================================
DAG File Processing Stats

File Path                        PID    Runtime      # DAGs    # Errors  Last Runtime    Last Run
-------------------------------  -----  ---------  --------  ----------  --------------  -------------------
/opt/airflow/dags/api.py                                  0           1  0.04s           2025-02-22T12:56:30
/opt/airflow/dags/sample_etl.py                           1           0  0.07s           2025-02-22T12:56:33
================================================================================
[2025-02-22T12:57:18.996+0000] {manager.py:887} INFO - 
================================================================================
DAG File Processing Stats

File Path                        PID    Runtime      # DAGs    # Errors  Last Runtime    Last Run
-------------------------------  -----  ---------  --------  ----------  --------------  -------------------
/opt/airflow/dags/api.py                                  0           1  0.04s           2025-02-22T12:57:00
/opt/airflow/dags/sample_etl.py                           1           0  0.07s           2025-02-22T12:57:03
================================================================================
[2025-02-22T12:57:29.095+0000] {manager.py:755} INFO - Searching for files in /opt/airflow/dags
[2025-02-22T12:57:29.106+0000] {manager.py:758} INFO - There are 2 files in /opt/airflow/dags
[2025-02-22T12:57:49.274+0000] {manager.py:887} INFO - 
================================================================================
DAG File Processing Stats

File Path                        PID    Runtime      # DAGs    # Errors  Last Runtime    Last Run
-------------------------------  -----  ---------  --------  ----------  --------------  -------------------
/opt/airflow/dags/api.py                                  0           1  0.03s           2025-02-22T12:57:31
/opt/airflow/dags/sample_etl.py                           1           0  0.07s           2025-02-22T12:57:34
================================================================================
[2025-02-22T12:58:19.528+0000] {manager.py:887} INFO - 
================================================================================
DAG File Processing Stats

File Path                        PID    Runtime      # DAGs    # Errors  Last Runtime    Last Run
-------------------------------  -----  ---------  --------  ----------  --------------  -------------------
/opt/airflow/dags/api.py                                  0           1  0.03s           2025-02-22T12:58:01
/opt/airflow/dags/sample_etl.py                           1           0  0.07s           2025-02-22T12:58:04
================================================================================
[2025-02-22T12:58:49.806+0000] {manager.py:887} INFO - 
================================================================================
DAG File Processing Stats

File Path                        PID    Runtime      # DAGs    # Errors  Last Runtime    Last Run
-------------------------------  -----  ---------  --------  ----------  --------------  -------------------
/opt/airflow/dags/api.py                                  0           1  0.04s           2025-02-22T12:58:31
/opt/airflow/dags/sample_etl.py                           1           0  0.06s           2025-02-22T12:58:34
================================================================================
[2025-02-22T12:58:53.877+0000] {manager.py:469} INFO - Exiting gracefully upon receiving signal 15
