[2025-03-12T06:18:32.619+0000] {processor.py:157} INFO - Started process (PID=41) to work on /opt/airflow/dags/sample_etl.py
[2025-03-12T06:18:32.620+0000] {processor.py:829} INFO - Processing file /opt/airflow/dags/sample_etl.py for tasks to queue
[2025-03-12T06:18:32.623+0000] {logging_mixin.py:154} INFO - [2025-03-12T06:18:32.623+0000] {dagbag.py:536} INFO - Filling up the DagBag from /opt/airflow/dags/sample_etl.py
[2025-03-12T06:18:32.640+0000] {processor.py:839} INFO - DAG(s) dict_keys(['sample_etl']) retrieved from /opt/airflow/dags/sample_etl.py
[2025-03-12T06:18:32.662+0000] {logging_mixin.py:154} INFO - [2025-03-12T06:18:32.662+0000] {dag.py:2941} INFO - Sync 1 DAGs
[2025-03-12T06:18:32.673+0000] {logging_mixin.py:154} INFO - [2025-03-12T06:18:32.673+0000] {dag.py:3722} INFO - Setting next_dagrun for sample_etl to 2025-03-11T00:00:00+00:00, run_after=2025-03-12T00:00:00+00:00
[2025-03-12T06:18:32.682+0000] {processor.py:179} INFO - Processing /opt/airflow/dags/sample_etl.py took 0.067 seconds
[2025-03-12T06:19:02.953+0000] {processor.py:157} INFO - Started process (PID=50) to work on /opt/airflow/dags/sample_etl.py
[2025-03-12T06:19:02.955+0000] {processor.py:829} INFO - Processing file /opt/airflow/dags/sample_etl.py for tasks to queue
[2025-03-12T06:19:02.956+0000] {logging_mixin.py:154} INFO - [2025-03-12T06:19:02.956+0000] {dagbag.py:536} INFO - Filling up the DagBag from /opt/airflow/dags/sample_etl.py
[2025-03-12T06:19:02.971+0000] {processor.py:839} INFO - DAG(s) dict_keys(['sample_etl']) retrieved from /opt/airflow/dags/sample_etl.py
[2025-03-12T06:19:02.984+0000] {logging_mixin.py:154} INFO - [2025-03-12T06:19:02.984+0000] {dag.py:2941} INFO - Sync 1 DAGs
[2025-03-12T06:19:02.995+0000] {logging_mixin.py:154} INFO - [2025-03-12T06:19:02.995+0000] {dag.py:3722} INFO - Setting next_dagrun for sample_etl to 2025-03-11T00:00:00+00:00, run_after=2025-03-12T00:00:00+00:00
[2025-03-12T06:19:03.002+0000] {processor.py:179} INFO - Processing /opt/airflow/dags/sample_etl.py took 0.051 seconds
[2025-03-12T06:19:33.276+0000] {processor.py:157} INFO - Started process (PID=59) to work on /opt/airflow/dags/sample_etl.py
[2025-03-12T06:19:33.277+0000] {processor.py:829} INFO - Processing file /opt/airflow/dags/sample_etl.py for tasks to queue
[2025-03-12T06:19:33.279+0000] {logging_mixin.py:154} INFO - [2025-03-12T06:19:33.279+0000] {dagbag.py:536} INFO - Filling up the DagBag from /opt/airflow/dags/sample_etl.py
[2025-03-12T06:19:33.287+0000] {processor.py:839} INFO - DAG(s) dict_keys(['sample_etl']) retrieved from /opt/airflow/dags/sample_etl.py
[2025-03-12T06:19:33.304+0000] {logging_mixin.py:154} INFO - [2025-03-12T06:19:33.304+0000] {dag.py:2941} INFO - Sync 1 DAGs
[2025-03-12T06:19:33.315+0000] {logging_mixin.py:154} INFO - [2025-03-12T06:19:33.315+0000] {dag.py:3722} INFO - Setting next_dagrun for sample_etl to 2025-03-11T00:00:00+00:00, run_after=2025-03-12T00:00:00+00:00
[2025-03-12T06:19:33.321+0000] {processor.py:179} INFO - Processing /opt/airflow/dags/sample_etl.py took 0.047 seconds
[2025-03-12T06:20:03.581+0000] {processor.py:157} INFO - Started process (PID=68) to work on /opt/airflow/dags/sample_etl.py
[2025-03-12T06:20:03.582+0000] {processor.py:829} INFO - Processing file /opt/airflow/dags/sample_etl.py for tasks to queue
[2025-03-12T06:20:03.583+0000] {logging_mixin.py:154} INFO - [2025-03-12T06:20:03.583+0000] {dagbag.py:536} INFO - Filling up the DagBag from /opt/airflow/dags/sample_etl.py
[2025-03-12T06:20:03.591+0000] {processor.py:839} INFO - DAG(s) dict_keys(['sample_etl']) retrieved from /opt/airflow/dags/sample_etl.py
[2025-03-12T06:20:03.607+0000] {logging_mixin.py:154} INFO - [2025-03-12T06:20:03.607+0000] {dag.py:2941} INFO - Sync 1 DAGs
[2025-03-12T06:20:03.618+0000] {logging_mixin.py:154} INFO - [2025-03-12T06:20:03.618+0000] {dag.py:3722} INFO - Setting next_dagrun for sample_etl to 2025-03-11T00:00:00+00:00, run_after=2025-03-12T00:00:00+00:00
[2025-03-12T06:20:03.624+0000] {processor.py:179} INFO - Processing /opt/airflow/dags/sample_etl.py took 0.045 seconds
[2025-03-12T06:20:33.890+0000] {processor.py:157} INFO - Started process (PID=77) to work on /opt/airflow/dags/sample_etl.py
[2025-03-12T06:20:33.891+0000] {processor.py:829} INFO - Processing file /opt/airflow/dags/sample_etl.py for tasks to queue
[2025-03-12T06:20:33.893+0000] {logging_mixin.py:154} INFO - [2025-03-12T06:20:33.893+0000] {dagbag.py:536} INFO - Filling up the DagBag from /opt/airflow/dags/sample_etl.py
[2025-03-12T06:20:33.904+0000] {processor.py:839} INFO - DAG(s) dict_keys(['sample_etl']) retrieved from /opt/airflow/dags/sample_etl.py
[2025-03-12T06:20:33.920+0000] {logging_mixin.py:154} INFO - [2025-03-12T06:20:33.920+0000] {dag.py:2941} INFO - Sync 1 DAGs
[2025-03-12T06:20:33.930+0000] {logging_mixin.py:154} INFO - [2025-03-12T06:20:33.930+0000] {dag.py:3722} INFO - Setting next_dagrun for sample_etl to 2025-03-11T00:00:00+00:00, run_after=2025-03-12T00:00:00+00:00
[2025-03-12T06:20:33.936+0000] {processor.py:179} INFO - Processing /opt/airflow/dags/sample_etl.py took 0.049 seconds
[2025-03-12T06:21:04.213+0000] {processor.py:157} INFO - Started process (PID=86) to work on /opt/airflow/dags/sample_etl.py
[2025-03-12T06:21:04.214+0000] {processor.py:829} INFO - Processing file /opt/airflow/dags/sample_etl.py for tasks to queue
[2025-03-12T06:21:04.217+0000] {logging_mixin.py:154} INFO - [2025-03-12T06:21:04.217+0000] {dagbag.py:536} INFO - Filling up the DagBag from /opt/airflow/dags/sample_etl.py
[2025-03-12T06:21:04.230+0000] {processor.py:839} INFO - DAG(s) dict_keys(['sample_etl']) retrieved from /opt/airflow/dags/sample_etl.py
[2025-03-12T06:21:04.245+0000] {logging_mixin.py:154} INFO - [2025-03-12T06:21:04.245+0000] {dag.py:2941} INFO - Sync 1 DAGs
[2025-03-12T06:21:04.256+0000] {logging_mixin.py:154} INFO - [2025-03-12T06:21:04.256+0000] {dag.py:3722} INFO - Setting next_dagrun for sample_etl to 2025-03-11T00:00:00+00:00, run_after=2025-03-12T00:00:00+00:00
[2025-03-12T06:21:04.263+0000] {processor.py:179} INFO - Processing /opt/airflow/dags/sample_etl.py took 0.053 seconds
[2025-03-12T06:21:34.514+0000] {processor.py:157} INFO - Started process (PID=94) to work on /opt/airflow/dags/sample_etl.py
[2025-03-12T06:21:34.516+0000] {processor.py:829} INFO - Processing file /opt/airflow/dags/sample_etl.py for tasks to queue
[2025-03-12T06:21:34.518+0000] {logging_mixin.py:154} INFO - [2025-03-12T06:21:34.518+0000] {dagbag.py:536} INFO - Filling up the DagBag from /opt/airflow/dags/sample_etl.py
[2025-03-12T06:21:34.527+0000] {processor.py:839} INFO - DAG(s) dict_keys(['sample_etl']) retrieved from /opt/airflow/dags/sample_etl.py
[2025-03-12T06:21:34.541+0000] {logging_mixin.py:154} INFO - [2025-03-12T06:21:34.540+0000] {dag.py:2941} INFO - Sync 1 DAGs
[2025-03-12T06:21:34.550+0000] {logging_mixin.py:154} INFO - [2025-03-12T06:21:34.550+0000] {dag.py:3722} INFO - Setting next_dagrun for sample_etl to 2025-03-11T00:00:00+00:00, run_after=2025-03-12T00:00:00+00:00
[2025-03-12T06:21:34.556+0000] {processor.py:179} INFO - Processing /opt/airflow/dags/sample_etl.py took 0.044 seconds
[2025-03-12T06:22:04.854+0000] {processor.py:157} INFO - Started process (PID=103) to work on /opt/airflow/dags/sample_etl.py
[2025-03-12T06:22:04.855+0000] {processor.py:829} INFO - Processing file /opt/airflow/dags/sample_etl.py for tasks to queue
[2025-03-12T06:22:04.857+0000] {logging_mixin.py:154} INFO - [2025-03-12T06:22:04.857+0000] {dagbag.py:536} INFO - Filling up the DagBag from /opt/airflow/dags/sample_etl.py
[2025-03-12T06:22:04.867+0000] {processor.py:839} INFO - DAG(s) dict_keys(['sample_etl']) retrieved from /opt/airflow/dags/sample_etl.py
[2025-03-12T06:22:04.885+0000] {logging_mixin.py:154} INFO - [2025-03-12T06:22:04.884+0000] {dag.py:2941} INFO - Sync 1 DAGs
[2025-03-12T06:22:04.895+0000] {logging_mixin.py:154} INFO - [2025-03-12T06:22:04.895+0000] {dag.py:3722} INFO - Setting next_dagrun for sample_etl to 2025-03-11T00:00:00+00:00, run_after=2025-03-12T00:00:00+00:00
[2025-03-12T06:22:04.902+0000] {processor.py:179} INFO - Processing /opt/airflow/dags/sample_etl.py took 0.050 seconds
[2025-03-12T06:22:35.215+0000] {processor.py:157} INFO - Started process (PID=112) to work on /opt/airflow/dags/sample_etl.py
[2025-03-12T06:22:35.217+0000] {processor.py:829} INFO - Processing file /opt/airflow/dags/sample_etl.py for tasks to queue
[2025-03-12T06:22:35.219+0000] {logging_mixin.py:154} INFO - [2025-03-12T06:22:35.219+0000] {dagbag.py:536} INFO - Filling up the DagBag from /opt/airflow/dags/sample_etl.py
[2025-03-12T06:22:35.234+0000] {processor.py:839} INFO - DAG(s) dict_keys(['sample_etl']) retrieved from /opt/airflow/dags/sample_etl.py
[2025-03-12T06:22:35.251+0000] {logging_mixin.py:154} INFO - [2025-03-12T06:22:35.251+0000] {dag.py:2941} INFO - Sync 1 DAGs
[2025-03-12T06:22:35.261+0000] {logging_mixin.py:154} INFO - [2025-03-12T06:22:35.261+0000] {dag.py:3722} INFO - Setting next_dagrun for sample_etl to 2025-03-11T00:00:00+00:00, run_after=2025-03-12T00:00:00+00:00
[2025-03-12T06:22:35.268+0000] {processor.py:179} INFO - Processing /opt/airflow/dags/sample_etl.py took 0.055 seconds
[2025-03-12T06:23:05.549+0000] {processor.py:157} INFO - Started process (PID=121) to work on /opt/airflow/dags/sample_etl.py
[2025-03-12T06:23:05.550+0000] {processor.py:829} INFO - Processing file /opt/airflow/dags/sample_etl.py for tasks to queue
[2025-03-12T06:23:05.551+0000] {logging_mixin.py:154} INFO - [2025-03-12T06:23:05.551+0000] {dagbag.py:536} INFO - Filling up the DagBag from /opt/airflow/dags/sample_etl.py
[2025-03-12T06:23:05.564+0000] {processor.py:839} INFO - DAG(s) dict_keys(['sample_etl']) retrieved from /opt/airflow/dags/sample_etl.py
[2025-03-12T06:23:05.578+0000] {logging_mixin.py:154} INFO - [2025-03-12T06:23:05.578+0000] {dag.py:2941} INFO - Sync 1 DAGs
[2025-03-12T06:23:05.588+0000] {logging_mixin.py:154} INFO - [2025-03-12T06:23:05.587+0000] {dag.py:3722} INFO - Setting next_dagrun for sample_etl to 2025-03-11T00:00:00+00:00, run_after=2025-03-12T00:00:00+00:00
[2025-03-12T06:23:05.594+0000] {processor.py:179} INFO - Processing /opt/airflow/dags/sample_etl.py took 0.048 seconds
[2025-03-12T06:23:35.874+0000] {processor.py:157} INFO - Started process (PID=130) to work on /opt/airflow/dags/sample_etl.py
[2025-03-12T06:23:35.875+0000] {processor.py:829} INFO - Processing file /opt/airflow/dags/sample_etl.py for tasks to queue
[2025-03-12T06:23:35.877+0000] {logging_mixin.py:154} INFO - [2025-03-12T06:23:35.877+0000] {dagbag.py:536} INFO - Filling up the DagBag from /opt/airflow/dags/sample_etl.py
[2025-03-12T06:23:35.892+0000] {processor.py:839} INFO - DAG(s) dict_keys(['sample_etl']) retrieved from /opt/airflow/dags/sample_etl.py
[2025-03-12T06:23:35.909+0000] {logging_mixin.py:154} INFO - [2025-03-12T06:23:35.909+0000] {dag.py:2941} INFO - Sync 1 DAGs
[2025-03-12T06:23:35.919+0000] {logging_mixin.py:154} INFO - [2025-03-12T06:23:35.919+0000] {dag.py:3722} INFO - Setting next_dagrun for sample_etl to 2025-03-11T00:00:00+00:00, run_after=2025-03-12T00:00:00+00:00
[2025-03-12T06:23:35.927+0000] {processor.py:179} INFO - Processing /opt/airflow/dags/sample_etl.py took 0.056 seconds
[2025-03-12T06:24:06.215+0000] {processor.py:157} INFO - Started process (PID=139) to work on /opt/airflow/dags/sample_etl.py
[2025-03-12T06:24:06.216+0000] {processor.py:829} INFO - Processing file /opt/airflow/dags/sample_etl.py for tasks to queue
[2025-03-12T06:24:06.218+0000] {logging_mixin.py:154} INFO - [2025-03-12T06:24:06.218+0000] {dagbag.py:536} INFO - Filling up the DagBag from /opt/airflow/dags/sample_etl.py
[2025-03-12T06:24:06.232+0000] {processor.py:839} INFO - DAG(s) dict_keys(['sample_etl']) retrieved from /opt/airflow/dags/sample_etl.py
[2025-03-12T06:24:06.245+0000] {logging_mixin.py:154} INFO - [2025-03-12T06:24:06.245+0000] {dag.py:2941} INFO - Sync 1 DAGs
[2025-03-12T06:24:06.255+0000] {logging_mixin.py:154} INFO - [2025-03-12T06:24:06.255+0000] {dag.py:3722} INFO - Setting next_dagrun for sample_etl to 2025-03-11T00:00:00+00:00, run_after=2025-03-12T00:00:00+00:00
[2025-03-12T06:24:06.261+0000] {processor.py:179} INFO - Processing /opt/airflow/dags/sample_etl.py took 0.050 seconds
[2025-03-12T06:24:36.534+0000] {processor.py:157} INFO - Started process (PID=148) to work on /opt/airflow/dags/sample_etl.py
[2025-03-12T06:24:36.536+0000] {processor.py:829} INFO - Processing file /opt/airflow/dags/sample_etl.py for tasks to queue
[2025-03-12T06:24:36.539+0000] {logging_mixin.py:154} INFO - [2025-03-12T06:24:36.539+0000] {dagbag.py:536} INFO - Filling up the DagBag from /opt/airflow/dags/sample_etl.py
[2025-03-12T06:24:36.549+0000] {processor.py:839} INFO - DAG(s) dict_keys(['sample_etl']) retrieved from /opt/airflow/dags/sample_etl.py
[2025-03-12T06:24:36.562+0000] {logging_mixin.py:154} INFO - [2025-03-12T06:24:36.562+0000] {dag.py:2941} INFO - Sync 1 DAGs
[2025-03-12T06:24:36.573+0000] {logging_mixin.py:154} INFO - [2025-03-12T06:24:36.573+0000] {dag.py:3722} INFO - Setting next_dagrun for sample_etl to 2025-03-11T00:00:00+00:00, run_after=2025-03-12T00:00:00+00:00
[2025-03-12T06:24:36.579+0000] {processor.py:179} INFO - Processing /opt/airflow/dags/sample_etl.py took 0.048 seconds
[2025-03-12T06:25:06.856+0000] {processor.py:157} INFO - Started process (PID=156) to work on /opt/airflow/dags/sample_etl.py
[2025-03-12T06:25:06.857+0000] {processor.py:829} INFO - Processing file /opt/airflow/dags/sample_etl.py for tasks to queue
[2025-03-12T06:25:06.858+0000] {logging_mixin.py:154} INFO - [2025-03-12T06:25:06.858+0000] {dagbag.py:536} INFO - Filling up the DagBag from /opt/airflow/dags/sample_etl.py
[2025-03-12T06:25:06.869+0000] {processor.py:839} INFO - DAG(s) dict_keys(['sample_etl']) retrieved from /opt/airflow/dags/sample_etl.py
[2025-03-12T06:25:06.884+0000] {logging_mixin.py:154} INFO - [2025-03-12T06:25:06.884+0000] {dag.py:2941} INFO - Sync 1 DAGs
[2025-03-12T06:25:06.894+0000] {logging_mixin.py:154} INFO - [2025-03-12T06:25:06.894+0000] {dag.py:3722} INFO - Setting next_dagrun for sample_etl to 2025-03-11T00:00:00+00:00, run_after=2025-03-12T00:00:00+00:00
[2025-03-12T06:25:06.901+0000] {processor.py:179} INFO - Processing /opt/airflow/dags/sample_etl.py took 0.047 seconds
[2025-03-12T06:25:37.186+0000] {processor.py:157} INFO - Started process (PID=165) to work on /opt/airflow/dags/sample_etl.py
[2025-03-12T06:25:37.188+0000] {processor.py:829} INFO - Processing file /opt/airflow/dags/sample_etl.py for tasks to queue
[2025-03-12T06:25:37.190+0000] {logging_mixin.py:154} INFO - [2025-03-12T06:25:37.190+0000] {dagbag.py:536} INFO - Filling up the DagBag from /opt/airflow/dags/sample_etl.py
[2025-03-12T06:25:37.204+0000] {processor.py:839} INFO - DAG(s) dict_keys(['sample_etl']) retrieved from /opt/airflow/dags/sample_etl.py
[2025-03-12T06:25:37.220+0000] {logging_mixin.py:154} INFO - [2025-03-12T06:25:37.220+0000] {dag.py:2941} INFO - Sync 1 DAGs
[2025-03-12T06:25:37.240+0000] {logging_mixin.py:154} INFO - [2025-03-12T06:25:37.239+0000] {dag.py:3722} INFO - Setting next_dagrun for sample_etl to 2025-03-11T00:00:00+00:00, run_after=2025-03-12T00:00:00+00:00
[2025-03-12T06:25:37.247+0000] {processor.py:179} INFO - Processing /opt/airflow/dags/sample_etl.py took 0.064 seconds
[2025-03-12T06:26:07.367+0000] {processor.py:157} INFO - Started process (PID=181) to work on /opt/airflow/dags/sample_etl.py
[2025-03-12T06:26:07.371+0000] {processor.py:829} INFO - Processing file /opt/airflow/dags/sample_etl.py for tasks to queue
[2025-03-12T06:26:07.374+0000] {logging_mixin.py:154} INFO - [2025-03-12T06:26:07.374+0000] {dagbag.py:536} INFO - Filling up the DagBag from /opt/airflow/dags/sample_etl.py
[2025-03-12T06:26:07.390+0000] {processor.py:839} INFO - DAG(s) dict_keys(['sample_etl']) retrieved from /opt/airflow/dags/sample_etl.py
[2025-03-12T06:26:07.406+0000] {logging_mixin.py:154} INFO - [2025-03-12T06:26:07.406+0000] {dag.py:2941} INFO - Sync 1 DAGs
[2025-03-12T06:26:07.417+0000] {logging_mixin.py:154} INFO - [2025-03-12T06:26:07.417+0000] {dag.py:3722} INFO - Setting next_dagrun for sample_etl to 2025-03-11T00:00:00+00:00, run_after=2025-03-12T00:00:00+00:00
[2025-03-12T06:26:07.424+0000] {processor.py:179} INFO - Processing /opt/airflow/dags/sample_etl.py took 0.059 seconds
[2025-03-12T06:26:37.560+0000] {processor.py:157} INFO - Started process (PID=190) to work on /opt/airflow/dags/sample_etl.py
[2025-03-12T06:26:37.562+0000] {processor.py:829} INFO - Processing file /opt/airflow/dags/sample_etl.py for tasks to queue
[2025-03-12T06:26:37.566+0000] {logging_mixin.py:154} INFO - [2025-03-12T06:26:37.566+0000] {dagbag.py:536} INFO - Filling up the DagBag from /opt/airflow/dags/sample_etl.py
[2025-03-12T06:26:37.579+0000] {processor.py:839} INFO - DAG(s) dict_keys(['sample_etl']) retrieved from /opt/airflow/dags/sample_etl.py
[2025-03-12T06:26:37.601+0000] {logging_mixin.py:154} INFO - [2025-03-12T06:26:37.601+0000] {dag.py:2941} INFO - Sync 1 DAGs
[2025-03-12T06:26:37.612+0000] {logging_mixin.py:154} INFO - [2025-03-12T06:26:37.612+0000] {dag.py:3722} INFO - Setting next_dagrun for sample_etl to 2025-03-11T00:00:00+00:00, run_after=2025-03-12T00:00:00+00:00
[2025-03-12T06:26:37.632+0000] {processor.py:179} INFO - Processing /opt/airflow/dags/sample_etl.py took 0.075 seconds
[2025-03-12T06:27:07.904+0000] {processor.py:157} INFO - Started process (PID=199) to work on /opt/airflow/dags/sample_etl.py
[2025-03-12T06:27:07.906+0000] {processor.py:829} INFO - Processing file /opt/airflow/dags/sample_etl.py for tasks to queue
[2025-03-12T06:27:07.912+0000] {logging_mixin.py:154} INFO - [2025-03-12T06:27:07.911+0000] {dagbag.py:536} INFO - Filling up the DagBag from /opt/airflow/dags/sample_etl.py
[2025-03-12T06:27:07.929+0000] {processor.py:839} INFO - DAG(s) dict_keys(['sample_etl']) retrieved from /opt/airflow/dags/sample_etl.py
[2025-03-12T06:27:07.949+0000] {logging_mixin.py:154} INFO - [2025-03-12T06:27:07.949+0000] {dag.py:2941} INFO - Sync 1 DAGs
[2025-03-12T06:27:07.960+0000] {logging_mixin.py:154} INFO - [2025-03-12T06:27:07.960+0000] {dag.py:3722} INFO - Setting next_dagrun for sample_etl to 2025-03-11T00:00:00+00:00, run_after=2025-03-12T00:00:00+00:00
[2025-03-12T06:27:07.969+0000] {processor.py:179} INFO - Processing /opt/airflow/dags/sample_etl.py took 0.067 seconds
[2025-03-12T06:27:38.111+0000] {processor.py:157} INFO - Started process (PID=208) to work on /opt/airflow/dags/sample_etl.py
[2025-03-12T06:27:38.112+0000] {processor.py:829} INFO - Processing file /opt/airflow/dags/sample_etl.py for tasks to queue
[2025-03-12T06:27:38.114+0000] {logging_mixin.py:154} INFO - [2025-03-12T06:27:38.114+0000] {dagbag.py:536} INFO - Filling up the DagBag from /opt/airflow/dags/sample_etl.py
[2025-03-12T06:27:38.123+0000] {processor.py:839} INFO - DAG(s) dict_keys(['sample_etl']) retrieved from /opt/airflow/dags/sample_etl.py
[2025-03-12T06:27:38.136+0000] {logging_mixin.py:154} INFO - [2025-03-12T06:27:38.136+0000] {dag.py:2941} INFO - Sync 1 DAGs
[2025-03-12T06:27:38.147+0000] {logging_mixin.py:154} INFO - [2025-03-12T06:27:38.147+0000] {dag.py:3722} INFO - Setting next_dagrun for sample_etl to 2025-03-11T00:00:00+00:00, run_after=2025-03-12T00:00:00+00:00
[2025-03-12T06:27:38.153+0000] {processor.py:179} INFO - Processing /opt/airflow/dags/sample_etl.py took 0.045 seconds
[2025-03-12T06:28:08.294+0000] {processor.py:157} INFO - Started process (PID=217) to work on /opt/airflow/dags/sample_etl.py
[2025-03-12T06:28:08.296+0000] {processor.py:829} INFO - Processing file /opt/airflow/dags/sample_etl.py for tasks to queue
[2025-03-12T06:28:08.299+0000] {logging_mixin.py:154} INFO - [2025-03-12T06:28:08.298+0000] {dagbag.py:536} INFO - Filling up the DagBag from /opt/airflow/dags/sample_etl.py
[2025-03-12T06:28:08.307+0000] {processor.py:839} INFO - DAG(s) dict_keys(['sample_etl']) retrieved from /opt/airflow/dags/sample_etl.py
[2025-03-12T06:28:08.322+0000] {logging_mixin.py:154} INFO - [2025-03-12T06:28:08.322+0000] {dag.py:2941} INFO - Sync 1 DAGs
[2025-03-12T06:28:08.331+0000] {logging_mixin.py:154} INFO - [2025-03-12T06:28:08.331+0000] {dag.py:3722} INFO - Setting next_dagrun for sample_etl to 2025-03-11T00:00:00+00:00, run_after=2025-03-12T00:00:00+00:00
[2025-03-12T06:28:08.337+0000] {processor.py:179} INFO - Processing /opt/airflow/dags/sample_etl.py took 0.045 seconds
[2025-03-12T06:28:38.498+0000] {processor.py:157} INFO - Started process (PID=225) to work on /opt/airflow/dags/sample_etl.py
[2025-03-12T06:28:38.503+0000] {processor.py:829} INFO - Processing file /opt/airflow/dags/sample_etl.py for tasks to queue
[2025-03-12T06:28:38.505+0000] {logging_mixin.py:154} INFO - [2025-03-12T06:28:38.505+0000] {dagbag.py:536} INFO - Filling up the DagBag from /opt/airflow/dags/sample_etl.py
[2025-03-12T06:28:38.516+0000] {processor.py:839} INFO - DAG(s) dict_keys(['sample_etl']) retrieved from /opt/airflow/dags/sample_etl.py
[2025-03-12T06:28:38.534+0000] {logging_mixin.py:154} INFO - [2025-03-12T06:28:38.534+0000] {dag.py:2941} INFO - Sync 1 DAGs
[2025-03-12T06:28:38.545+0000] {logging_mixin.py:154} INFO - [2025-03-12T06:28:38.545+0000] {dag.py:3722} INFO - Setting next_dagrun for sample_etl to 2025-03-11T00:00:00+00:00, run_after=2025-03-12T00:00:00+00:00
[2025-03-12T06:28:38.552+0000] {processor.py:179} INFO - Processing /opt/airflow/dags/sample_etl.py took 0.056 seconds
[2025-03-12T06:29:08.696+0000] {processor.py:157} INFO - Started process (PID=234) to work on /opt/airflow/dags/sample_etl.py
[2025-03-12T06:29:08.697+0000] {processor.py:829} INFO - Processing file /opt/airflow/dags/sample_etl.py for tasks to queue
[2025-03-12T06:29:08.699+0000] {logging_mixin.py:154} INFO - [2025-03-12T06:29:08.699+0000] {dagbag.py:536} INFO - Filling up the DagBag from /opt/airflow/dags/sample_etl.py
[2025-03-12T06:29:08.709+0000] {processor.py:839} INFO - DAG(s) dict_keys(['sample_etl']) retrieved from /opt/airflow/dags/sample_etl.py
[2025-03-12T06:29:08.727+0000] {logging_mixin.py:154} INFO - [2025-03-12T06:29:08.727+0000] {dag.py:2941} INFO - Sync 1 DAGs
[2025-03-12T06:29:08.737+0000] {logging_mixin.py:154} INFO - [2025-03-12T06:29:08.737+0000] {dag.py:3722} INFO - Setting next_dagrun for sample_etl to 2025-03-11T00:00:00+00:00, run_after=2025-03-12T00:00:00+00:00
[2025-03-12T06:29:08.744+0000] {processor.py:179} INFO - Processing /opt/airflow/dags/sample_etl.py took 0.050 seconds
[2025-03-12T06:29:38.908+0000] {processor.py:157} INFO - Started process (PID=243) to work on /opt/airflow/dags/sample_etl.py
[2025-03-12T06:29:38.911+0000] {processor.py:829} INFO - Processing file /opt/airflow/dags/sample_etl.py for tasks to queue
[2025-03-12T06:29:38.913+0000] {logging_mixin.py:154} INFO - [2025-03-12T06:29:38.913+0000] {dagbag.py:536} INFO - Filling up the DagBag from /opt/airflow/dags/sample_etl.py
[2025-03-12T06:29:38.929+0000] {processor.py:839} INFO - DAG(s) dict_keys(['sample_etl']) retrieved from /opt/airflow/dags/sample_etl.py
[2025-03-12T06:29:38.944+0000] {logging_mixin.py:154} INFO - [2025-03-12T06:29:38.944+0000] {dag.py:2941} INFO - Sync 1 DAGs
[2025-03-12T06:29:38.955+0000] {logging_mixin.py:154} INFO - [2025-03-12T06:29:38.955+0000] {dag.py:3722} INFO - Setting next_dagrun for sample_etl to 2025-03-11T00:00:00+00:00, run_after=2025-03-12T00:00:00+00:00
[2025-03-12T06:29:38.962+0000] {processor.py:179} INFO - Processing /opt/airflow/dags/sample_etl.py took 0.057 seconds
[2025-03-12T06:30:09.261+0000] {processor.py:157} INFO - Started process (PID=252) to work on /opt/airflow/dags/sample_etl.py
[2025-03-12T06:30:09.265+0000] {processor.py:829} INFO - Processing file /opt/airflow/dags/sample_etl.py for tasks to queue
[2025-03-12T06:30:09.267+0000] {logging_mixin.py:154} INFO - [2025-03-12T06:30:09.267+0000] {dagbag.py:536} INFO - Filling up the DagBag from /opt/airflow/dags/sample_etl.py
[2025-03-12T06:30:09.284+0000] {processor.py:839} INFO - DAG(s) dict_keys(['sample_etl']) retrieved from /opt/airflow/dags/sample_etl.py
[2025-03-12T06:30:09.302+0000] {logging_mixin.py:154} INFO - [2025-03-12T06:30:09.302+0000] {dag.py:2941} INFO - Sync 1 DAGs
[2025-03-12T06:30:09.312+0000] {logging_mixin.py:154} INFO - [2025-03-12T06:30:09.312+0000] {dag.py:3722} INFO - Setting next_dagrun for sample_etl to 2025-03-11T00:00:00+00:00, run_after=2025-03-12T00:00:00+00:00
[2025-03-12T06:30:09.319+0000] {processor.py:179} INFO - Processing /opt/airflow/dags/sample_etl.py took 0.061 seconds
[2025-03-12T06:30:39.611+0000] {processor.py:157} INFO - Started process (PID=260) to work on /opt/airflow/dags/sample_etl.py
[2025-03-12T06:30:39.612+0000] {processor.py:829} INFO - Processing file /opt/airflow/dags/sample_etl.py for tasks to queue
[2025-03-12T06:30:39.614+0000] {logging_mixin.py:154} INFO - [2025-03-12T06:30:39.614+0000] {dagbag.py:536} INFO - Filling up the DagBag from /opt/airflow/dags/sample_etl.py
[2025-03-12T06:30:39.624+0000] {processor.py:839} INFO - DAG(s) dict_keys(['sample_etl']) retrieved from /opt/airflow/dags/sample_etl.py
[2025-03-12T06:30:39.639+0000] {logging_mixin.py:154} INFO - [2025-03-12T06:30:39.639+0000] {dag.py:2941} INFO - Sync 1 DAGs
[2025-03-12T06:30:39.649+0000] {logging_mixin.py:154} INFO - [2025-03-12T06:30:39.649+0000] {dag.py:3722} INFO - Setting next_dagrun for sample_etl to 2025-03-11T00:00:00+00:00, run_after=2025-03-12T00:00:00+00:00
[2025-03-12T06:30:39.655+0000] {processor.py:179} INFO - Processing /opt/airflow/dags/sample_etl.py took 0.047 seconds
[2025-03-12T06:31:09.949+0000] {processor.py:157} INFO - Started process (PID=269) to work on /opt/airflow/dags/sample_etl.py
[2025-03-12T06:31:09.950+0000] {processor.py:829} INFO - Processing file /opt/airflow/dags/sample_etl.py for tasks to queue
[2025-03-12T06:31:09.953+0000] {logging_mixin.py:154} INFO - [2025-03-12T06:31:09.953+0000] {dagbag.py:536} INFO - Filling up the DagBag from /opt/airflow/dags/sample_etl.py
[2025-03-12T06:31:09.969+0000] {processor.py:839} INFO - DAG(s) dict_keys(['sample_etl']) retrieved from /opt/airflow/dags/sample_etl.py
[2025-03-12T06:31:09.984+0000] {logging_mixin.py:154} INFO - [2025-03-12T06:31:09.984+0000] {dag.py:2941} INFO - Sync 1 DAGs
[2025-03-12T06:31:09.995+0000] {logging_mixin.py:154} INFO - [2025-03-12T06:31:09.995+0000] {dag.py:3722} INFO - Setting next_dagrun for sample_etl to 2025-03-11T00:00:00+00:00, run_after=2025-03-12T00:00:00+00:00
[2025-03-12T06:31:10.002+0000] {processor.py:179} INFO - Processing /opt/airflow/dags/sample_etl.py took 0.056 seconds
[2025-03-12T06:31:40.315+0000] {processor.py:157} INFO - Started process (PID=278) to work on /opt/airflow/dags/sample_etl.py
[2025-03-12T06:31:40.317+0000] {processor.py:829} INFO - Processing file /opt/airflow/dags/sample_etl.py for tasks to queue
[2025-03-12T06:31:40.319+0000] {logging_mixin.py:154} INFO - [2025-03-12T06:31:40.319+0000] {dagbag.py:536} INFO - Filling up the DagBag from /opt/airflow/dags/sample_etl.py
[2025-03-12T06:31:40.337+0000] {processor.py:839} INFO - DAG(s) dict_keys(['sample_etl']) retrieved from /opt/airflow/dags/sample_etl.py
[2025-03-12T06:31:40.356+0000] {logging_mixin.py:154} INFO - [2025-03-12T06:31:40.356+0000] {dag.py:2941} INFO - Sync 1 DAGs
[2025-03-12T06:31:40.364+0000] {logging_mixin.py:154} INFO - [2025-03-12T06:31:40.364+0000] {dag.py:3722} INFO - Setting next_dagrun for sample_etl to 2025-03-11T00:00:00+00:00, run_after=2025-03-12T00:00:00+00:00
[2025-03-12T06:31:40.370+0000] {processor.py:179} INFO - Processing /opt/airflow/dags/sample_etl.py took 0.058 seconds
[2025-03-12T06:32:10.651+0000] {processor.py:157} INFO - Started process (PID=287) to work on /opt/airflow/dags/sample_etl.py
[2025-03-12T06:32:10.652+0000] {processor.py:829} INFO - Processing file /opt/airflow/dags/sample_etl.py for tasks to queue
[2025-03-12T06:32:10.654+0000] {logging_mixin.py:154} INFO - [2025-03-12T06:32:10.654+0000] {dagbag.py:536} INFO - Filling up the DagBag from /opt/airflow/dags/sample_etl.py
[2025-03-12T06:32:10.670+0000] {processor.py:839} INFO - DAG(s) dict_keys(['sample_etl']) retrieved from /opt/airflow/dags/sample_etl.py
[2025-03-12T06:32:10.686+0000] {logging_mixin.py:154} INFO - [2025-03-12T06:32:10.686+0000] {dag.py:2941} INFO - Sync 1 DAGs
[2025-03-12T06:32:10.696+0000] {logging_mixin.py:154} INFO - [2025-03-12T06:32:10.696+0000] {dag.py:3722} INFO - Setting next_dagrun for sample_etl to 2025-03-11T00:00:00+00:00, run_after=2025-03-12T00:00:00+00:00
[2025-03-12T06:32:10.704+0000] {processor.py:179} INFO - Processing /opt/airflow/dags/sample_etl.py took 0.055 seconds
[2025-03-12T06:32:40.841+0000] {processor.py:157} INFO - Started process (PID=296) to work on /opt/airflow/dags/sample_etl.py
[2025-03-12T06:32:40.842+0000] {processor.py:829} INFO - Processing file /opt/airflow/dags/sample_etl.py for tasks to queue
[2025-03-12T06:32:40.843+0000] {logging_mixin.py:154} INFO - [2025-03-12T06:32:40.843+0000] {dagbag.py:536} INFO - Filling up the DagBag from /opt/airflow/dags/sample_etl.py
[2025-03-12T06:32:40.851+0000] {processor.py:839} INFO - DAG(s) dict_keys(['sample_etl']) retrieved from /opt/airflow/dags/sample_etl.py
[2025-03-12T06:32:40.864+0000] {logging_mixin.py:154} INFO - [2025-03-12T06:32:40.863+0000] {dag.py:2941} INFO - Sync 1 DAGs
[2025-03-12T06:32:40.873+0000] {logging_mixin.py:154} INFO - [2025-03-12T06:32:40.873+0000] {dag.py:3722} INFO - Setting next_dagrun for sample_etl to 2025-03-11T00:00:00+00:00, run_after=2025-03-12T00:00:00+00:00
[2025-03-12T06:32:40.879+0000] {processor.py:179} INFO - Processing /opt/airflow/dags/sample_etl.py took 0.041 seconds
[2025-03-12T06:33:11.097+0000] {processor.py:157} INFO - Started process (PID=305) to work on /opt/airflow/dags/sample_etl.py
[2025-03-12T06:33:11.097+0000] {processor.py:829} INFO - Processing file /opt/airflow/dags/sample_etl.py for tasks to queue
[2025-03-12T06:33:11.100+0000] {logging_mixin.py:154} INFO - [2025-03-12T06:33:11.100+0000] {dagbag.py:536} INFO - Filling up the DagBag from /opt/airflow/dags/sample_etl.py
[2025-03-12T06:33:11.120+0000] {processor.py:839} INFO - DAG(s) dict_keys(['sample_etl']) retrieved from /opt/airflow/dags/sample_etl.py
[2025-03-12T06:33:11.139+0000] {logging_mixin.py:154} INFO - [2025-03-12T06:33:11.139+0000] {dag.py:2941} INFO - Sync 1 DAGs
[2025-03-12T06:33:11.150+0000] {logging_mixin.py:154} INFO - [2025-03-12T06:33:11.150+0000] {dag.py:3722} INFO - Setting next_dagrun for sample_etl to 2025-03-11T00:00:00+00:00, run_after=2025-03-12T00:00:00+00:00
[2025-03-12T06:33:11.157+0000] {processor.py:179} INFO - Processing /opt/airflow/dags/sample_etl.py took 0.063 seconds
[2025-03-12T06:33:41.308+0000] {processor.py:157} INFO - Started process (PID=314) to work on /opt/airflow/dags/sample_etl.py
[2025-03-12T06:33:41.310+0000] {processor.py:829} INFO - Processing file /opt/airflow/dags/sample_etl.py for tasks to queue
[2025-03-12T06:33:41.313+0000] {logging_mixin.py:154} INFO - [2025-03-12T06:33:41.313+0000] {dagbag.py:536} INFO - Filling up the DagBag from /opt/airflow/dags/sample_etl.py
[2025-03-12T06:33:41.326+0000] {processor.py:839} INFO - DAG(s) dict_keys(['sample_etl']) retrieved from /opt/airflow/dags/sample_etl.py
[2025-03-12T06:33:41.351+0000] {logging_mixin.py:154} INFO - [2025-03-12T06:33:41.351+0000] {dag.py:2941} INFO - Sync 1 DAGs
[2025-03-12T06:33:41.366+0000] {logging_mixin.py:154} INFO - [2025-03-12T06:33:41.366+0000] {dag.py:3722} INFO - Setting next_dagrun for sample_etl to 2025-03-11T00:00:00+00:00, run_after=2025-03-12T00:00:00+00:00
[2025-03-12T06:33:41.374+0000] {processor.py:179} INFO - Processing /opt/airflow/dags/sample_etl.py took 0.067 seconds
[2025-03-12T06:34:11.659+0000] {processor.py:157} INFO - Started process (PID=323) to work on /opt/airflow/dags/sample_etl.py
[2025-03-12T06:34:11.662+0000] {processor.py:829} INFO - Processing file /opt/airflow/dags/sample_etl.py for tasks to queue
[2025-03-12T06:34:11.664+0000] {logging_mixin.py:154} INFO - [2025-03-12T06:34:11.664+0000] {dagbag.py:536} INFO - Filling up the DagBag from /opt/airflow/dags/sample_etl.py
[2025-03-12T06:34:11.676+0000] {processor.py:839} INFO - DAG(s) dict_keys(['sample_etl']) retrieved from /opt/airflow/dags/sample_etl.py
[2025-03-12T06:34:11.692+0000] {logging_mixin.py:154} INFO - [2025-03-12T06:34:11.692+0000] {dag.py:2941} INFO - Sync 1 DAGs
[2025-03-12T06:34:11.703+0000] {logging_mixin.py:154} INFO - [2025-03-12T06:34:11.702+0000] {dag.py:3722} INFO - Setting next_dagrun for sample_etl to 2025-03-11T00:00:00+00:00, run_after=2025-03-12T00:00:00+00:00
[2025-03-12T06:34:11.709+0000] {processor.py:179} INFO - Processing /opt/airflow/dags/sample_etl.py took 0.053 seconds
[2025-03-12T06:34:41.953+0000] {processor.py:157} INFO - Started process (PID=332) to work on /opt/airflow/dags/sample_etl.py
[2025-03-12T06:34:41.957+0000] {processor.py:829} INFO - Processing file /opt/airflow/dags/sample_etl.py for tasks to queue
[2025-03-12T06:34:41.959+0000] {logging_mixin.py:154} INFO - [2025-03-12T06:34:41.958+0000] {dagbag.py:536} INFO - Filling up the DagBag from /opt/airflow/dags/sample_etl.py
[2025-03-12T06:34:41.977+0000] {processor.py:839} INFO - DAG(s) dict_keys(['sample_etl']) retrieved from /opt/airflow/dags/sample_etl.py
[2025-03-12T06:34:41.991+0000] {logging_mixin.py:154} INFO - [2025-03-12T06:34:41.991+0000] {dag.py:2941} INFO - Sync 1 DAGs
[2025-03-12T06:34:42.004+0000] {logging_mixin.py:154} INFO - [2025-03-12T06:34:42.004+0000] {dag.py:3722} INFO - Setting next_dagrun for sample_etl to 2025-03-11T00:00:00+00:00, run_after=2025-03-12T00:00:00+00:00
[2025-03-12T06:34:42.014+0000] {processor.py:179} INFO - Processing /opt/airflow/dags/sample_etl.py took 0.063 seconds
[2025-03-12T06:35:12.196+0000] {processor.py:157} INFO - Started process (PID=341) to work on /opt/airflow/dags/sample_etl.py
[2025-03-12T06:35:12.202+0000] {processor.py:829} INFO - Processing file /opt/airflow/dags/sample_etl.py for tasks to queue
[2025-03-12T06:35:12.205+0000] {logging_mixin.py:154} INFO - [2025-03-12T06:35:12.204+0000] {dagbag.py:536} INFO - Filling up the DagBag from /opt/airflow/dags/sample_etl.py
[2025-03-12T06:35:12.224+0000] {processor.py:839} INFO - DAG(s) dict_keys(['sample_etl']) retrieved from /opt/airflow/dags/sample_etl.py
[2025-03-12T06:35:12.239+0000] {logging_mixin.py:154} INFO - [2025-03-12T06:35:12.239+0000] {dag.py:2941} INFO - Sync 1 DAGs
[2025-03-12T06:35:12.250+0000] {logging_mixin.py:154} INFO - [2025-03-12T06:35:12.250+0000] {dag.py:3722} INFO - Setting next_dagrun for sample_etl to 2025-03-11T00:00:00+00:00, run_after=2025-03-12T00:00:00+00:00
[2025-03-12T06:35:12.257+0000] {processor.py:179} INFO - Processing /opt/airflow/dags/sample_etl.py took 0.064 seconds
[2025-03-12T06:35:42.430+0000] {processor.py:157} INFO - Started process (PID=349) to work on /opt/airflow/dags/sample_etl.py
[2025-03-12T06:35:42.431+0000] {processor.py:829} INFO - Processing file /opt/airflow/dags/sample_etl.py for tasks to queue
[2025-03-12T06:35:42.436+0000] {logging_mixin.py:154} INFO - [2025-03-12T06:35:42.436+0000] {dagbag.py:536} INFO - Filling up the DagBag from /opt/airflow/dags/sample_etl.py
[2025-03-12T06:35:42.453+0000] {processor.py:839} INFO - DAG(s) dict_keys(['sample_etl']) retrieved from /opt/airflow/dags/sample_etl.py
[2025-03-12T06:35:42.475+0000] {logging_mixin.py:154} INFO - [2025-03-12T06:35:42.475+0000] {dag.py:2941} INFO - Sync 1 DAGs
[2025-03-12T06:35:42.488+0000] {logging_mixin.py:154} INFO - [2025-03-12T06:35:42.488+0000] {dag.py:3722} INFO - Setting next_dagrun for sample_etl to 2025-03-11T00:00:00+00:00, run_after=2025-03-12T00:00:00+00:00
[2025-03-12T06:35:42.496+0000] {processor.py:179} INFO - Processing /opt/airflow/dags/sample_etl.py took 0.069 seconds
[2025-03-12T06:36:12.800+0000] {processor.py:157} INFO - Started process (PID=358) to work on /opt/airflow/dags/sample_etl.py
[2025-03-12T06:36:12.804+0000] {processor.py:829} INFO - Processing file /opt/airflow/dags/sample_etl.py for tasks to queue
[2025-03-12T06:36:12.806+0000] {logging_mixin.py:154} INFO - [2025-03-12T06:36:12.806+0000] {dagbag.py:536} INFO - Filling up the DagBag from /opt/airflow/dags/sample_etl.py
[2025-03-12T06:36:12.819+0000] {processor.py:839} INFO - DAG(s) dict_keys(['sample_etl']) retrieved from /opt/airflow/dags/sample_etl.py
[2025-03-12T06:36:12.839+0000] {logging_mixin.py:154} INFO - [2025-03-12T06:36:12.839+0000] {dag.py:2941} INFO - Sync 1 DAGs
[2025-03-12T06:36:12.850+0000] {logging_mixin.py:154} INFO - [2025-03-12T06:36:12.850+0000] {dag.py:3722} INFO - Setting next_dagrun for sample_etl to 2025-03-11T00:00:00+00:00, run_after=2025-03-12T00:00:00+00:00
[2025-03-12T06:36:12.857+0000] {processor.py:179} INFO - Processing /opt/airflow/dags/sample_etl.py took 0.059 seconds
[2025-03-12T06:36:36.020+0000] {processor.py:157} INFO - Started process (PID=42) to work on /opt/airflow/dags/sample_etl.py
[2025-03-12T06:36:36.022+0000] {processor.py:829} INFO - Processing file /opt/airflow/dags/sample_etl.py for tasks to queue
[2025-03-12T06:36:36.026+0000] {logging_mixin.py:154} INFO - [2025-03-12T06:36:36.026+0000] {dagbag.py:536} INFO - Filling up the DagBag from /opt/airflow/dags/sample_etl.py
[2025-03-12T06:36:36.052+0000] {processor.py:839} INFO - DAG(s) dict_keys(['sample_etl']) retrieved from /opt/airflow/dags/sample_etl.py
[2025-03-12T06:36:36.081+0000] {logging_mixin.py:154} INFO - [2025-03-12T06:36:36.081+0000] {dag.py:2941} INFO - Sync 1 DAGs
[2025-03-12T06:36:36.095+0000] {logging_mixin.py:154} INFO - [2025-03-12T06:36:36.095+0000] {dag.py:3722} INFO - Setting next_dagrun for sample_etl to 2025-03-11T00:00:00+00:00, run_after=2025-03-12T00:00:00+00:00
[2025-03-12T06:36:36.112+0000] {processor.py:179} INFO - Processing /opt/airflow/dags/sample_etl.py took 0.096 seconds
[2025-03-12T06:37:06.383+0000] {processor.py:157} INFO - Started process (PID=51) to work on /opt/airflow/dags/sample_etl.py
[2025-03-12T06:37:06.384+0000] {processor.py:829} INFO - Processing file /opt/airflow/dags/sample_etl.py for tasks to queue
[2025-03-12T06:37:06.386+0000] {logging_mixin.py:154} INFO - [2025-03-12T06:37:06.386+0000] {dagbag.py:536} INFO - Filling up the DagBag from /opt/airflow/dags/sample_etl.py
[2025-03-12T06:37:06.398+0000] {processor.py:839} INFO - DAG(s) dict_keys(['sample_etl']) retrieved from /opt/airflow/dags/sample_etl.py
[2025-03-12T06:37:06.416+0000] {logging_mixin.py:154} INFO - [2025-03-12T06:37:06.416+0000] {dag.py:2941} INFO - Sync 1 DAGs
[2025-03-12T06:37:06.426+0000] {logging_mixin.py:154} INFO - [2025-03-12T06:37:06.426+0000] {dag.py:3722} INFO - Setting next_dagrun for sample_etl to 2025-03-11T00:00:00+00:00, run_after=2025-03-12T00:00:00+00:00
[2025-03-12T06:37:06.432+0000] {processor.py:179} INFO - Processing /opt/airflow/dags/sample_etl.py took 0.052 seconds
[2025-03-12T06:37:36.718+0000] {processor.py:157} INFO - Started process (PID=59) to work on /opt/airflow/dags/sample_etl.py
[2025-03-12T06:37:36.721+0000] {processor.py:829} INFO - Processing file /opt/airflow/dags/sample_etl.py for tasks to queue
[2025-03-12T06:37:36.723+0000] {logging_mixin.py:154} INFO - [2025-03-12T06:37:36.723+0000] {dagbag.py:536} INFO - Filling up the DagBag from /opt/airflow/dags/sample_etl.py
[2025-03-12T06:37:36.736+0000] {processor.py:839} INFO - DAG(s) dict_keys(['sample_etl']) retrieved from /opt/airflow/dags/sample_etl.py
[2025-03-12T06:37:36.753+0000] {logging_mixin.py:154} INFO - [2025-03-12T06:37:36.752+0000] {dag.py:2941} INFO - Sync 1 DAGs
[2025-03-12T06:37:36.762+0000] {logging_mixin.py:154} INFO - [2025-03-12T06:37:36.762+0000] {dag.py:3722} INFO - Setting next_dagrun for sample_etl to 2025-03-11T00:00:00+00:00, run_after=2025-03-12T00:00:00+00:00
[2025-03-12T06:37:36.769+0000] {processor.py:179} INFO - Processing /opt/airflow/dags/sample_etl.py took 0.053 seconds
[2025-03-12T06:38:06.954+0000] {processor.py:157} INFO - Started process (PID=68) to work on /opt/airflow/dags/sample_etl.py
[2025-03-12T06:38:06.958+0000] {processor.py:829} INFO - Processing file /opt/airflow/dags/sample_etl.py for tasks to queue
[2025-03-12T06:38:06.961+0000] {logging_mixin.py:154} INFO - [2025-03-12T06:38:06.961+0000] {dagbag.py:536} INFO - Filling up the DagBag from /opt/airflow/dags/sample_etl.py
[2025-03-12T06:38:06.973+0000] {processor.py:839} INFO - DAG(s) dict_keys(['sample_etl']) retrieved from /opt/airflow/dags/sample_etl.py
[2025-03-12T06:38:06.990+0000] {logging_mixin.py:154} INFO - [2025-03-12T06:38:06.990+0000] {dag.py:2941} INFO - Sync 1 DAGs
[2025-03-12T06:38:07.002+0000] {logging_mixin.py:154} INFO - [2025-03-12T06:38:07.002+0000] {dag.py:3722} INFO - Setting next_dagrun for sample_etl to 2025-03-11T00:00:00+00:00, run_after=2025-03-12T00:00:00+00:00
[2025-03-12T06:38:07.009+0000] {processor.py:179} INFO - Processing /opt/airflow/dags/sample_etl.py took 0.058 seconds
[2025-03-12T06:38:37.121+0000] {processor.py:157} INFO - Started process (PID=77) to work on /opt/airflow/dags/sample_etl.py
[2025-03-12T06:38:37.123+0000] {processor.py:829} INFO - Processing file /opt/airflow/dags/sample_etl.py for tasks to queue
[2025-03-12T06:38:37.125+0000] {logging_mixin.py:154} INFO - [2025-03-12T06:38:37.125+0000] {dagbag.py:536} INFO - Filling up the DagBag from /opt/airflow/dags/sample_etl.py
[2025-03-12T06:38:37.136+0000] {processor.py:839} INFO - DAG(s) dict_keys(['sample_etl']) retrieved from /opt/airflow/dags/sample_etl.py
[2025-03-12T06:38:37.149+0000] {logging_mixin.py:154} INFO - [2025-03-12T06:38:37.149+0000] {dag.py:2941} INFO - Sync 1 DAGs
[2025-03-12T06:38:37.160+0000] {logging_mixin.py:154} INFO - [2025-03-12T06:38:37.160+0000] {dag.py:3722} INFO - Setting next_dagrun for sample_etl to 2025-03-11T00:00:00+00:00, run_after=2025-03-12T00:00:00+00:00
[2025-03-12T06:38:37.166+0000] {processor.py:179} INFO - Processing /opt/airflow/dags/sample_etl.py took 0.048 seconds
[2025-03-12T06:39:07.444+0000] {processor.py:157} INFO - Started process (PID=86) to work on /opt/airflow/dags/sample_etl.py
[2025-03-12T06:39:07.445+0000] {processor.py:829} INFO - Processing file /opt/airflow/dags/sample_etl.py for tasks to queue
[2025-03-12T06:39:07.447+0000] {logging_mixin.py:154} INFO - [2025-03-12T06:39:07.447+0000] {dagbag.py:536} INFO - Filling up the DagBag from /opt/airflow/dags/sample_etl.py
[2025-03-12T06:39:07.457+0000] {processor.py:839} INFO - DAG(s) dict_keys(['sample_etl']) retrieved from /opt/airflow/dags/sample_etl.py
[2025-03-12T06:39:07.469+0000] {logging_mixin.py:154} INFO - [2025-03-12T06:39:07.469+0000] {dag.py:2941} INFO - Sync 1 DAGs
[2025-03-12T06:39:07.479+0000] {logging_mixin.py:154} INFO - [2025-03-12T06:39:07.479+0000] {dag.py:3722} INFO - Setting next_dagrun for sample_etl to 2025-03-11T00:00:00+00:00, run_after=2025-03-12T00:00:00+00:00
[2025-03-12T06:39:07.486+0000] {processor.py:179} INFO - Processing /opt/airflow/dags/sample_etl.py took 0.045 seconds
[2025-03-12T06:39:37.784+0000] {processor.py:157} INFO - Started process (PID=95) to work on /opt/airflow/dags/sample_etl.py
[2025-03-12T06:39:37.786+0000] {processor.py:829} INFO - Processing file /opt/airflow/dags/sample_etl.py for tasks to queue
[2025-03-12T06:39:37.788+0000] {logging_mixin.py:154} INFO - [2025-03-12T06:39:37.788+0000] {dagbag.py:536} INFO - Filling up the DagBag from /opt/airflow/dags/sample_etl.py
[2025-03-12T06:39:37.802+0000] {processor.py:839} INFO - DAG(s) dict_keys(['sample_etl']) retrieved from /opt/airflow/dags/sample_etl.py
[2025-03-12T06:39:37.817+0000] {logging_mixin.py:154} INFO - [2025-03-12T06:39:37.817+0000] {dag.py:2941} INFO - Sync 1 DAGs
[2025-03-12T06:39:37.828+0000] {logging_mixin.py:154} INFO - [2025-03-12T06:39:37.828+0000] {dag.py:3722} INFO - Setting next_dagrun for sample_etl to 2025-03-11T00:00:00+00:00, run_after=2025-03-12T00:00:00+00:00
[2025-03-12T06:39:37.835+0000] {processor.py:179} INFO - Processing /opt/airflow/dags/sample_etl.py took 0.055 seconds
[2025-03-12T06:40:08.123+0000] {processor.py:157} INFO - Started process (PID=104) to work on /opt/airflow/dags/sample_etl.py
[2025-03-12T06:40:08.124+0000] {processor.py:829} INFO - Processing file /opt/airflow/dags/sample_etl.py for tasks to queue
[2025-03-12T06:40:08.125+0000] {logging_mixin.py:154} INFO - [2025-03-12T06:40:08.125+0000] {dagbag.py:536} INFO - Filling up the DagBag from /opt/airflow/dags/sample_etl.py
[2025-03-12T06:40:08.137+0000] {processor.py:839} INFO - DAG(s) dict_keys(['sample_etl']) retrieved from /opt/airflow/dags/sample_etl.py
[2025-03-12T06:40:08.149+0000] {logging_mixin.py:154} INFO - [2025-03-12T06:40:08.149+0000] {dag.py:2941} INFO - Sync 1 DAGs
[2025-03-12T06:40:08.159+0000] {logging_mixin.py:154} INFO - [2025-03-12T06:40:08.159+0000] {dag.py:3722} INFO - Setting next_dagrun for sample_etl to 2025-03-11T00:00:00+00:00, run_after=2025-03-12T00:00:00+00:00
[2025-03-12T06:40:08.166+0000] {processor.py:179} INFO - Processing /opt/airflow/dags/sample_etl.py took 0.045 seconds
[2025-03-12T06:40:38.503+0000] {processor.py:157} INFO - Started process (PID=113) to work on /opt/airflow/dags/sample_etl.py
[2025-03-12T06:40:38.505+0000] {processor.py:829} INFO - Processing file /opt/airflow/dags/sample_etl.py for tasks to queue
[2025-03-12T06:40:38.507+0000] {logging_mixin.py:154} INFO - [2025-03-12T06:40:38.507+0000] {dagbag.py:536} INFO - Filling up the DagBag from /opt/airflow/dags/sample_etl.py
[2025-03-12T06:40:38.522+0000] {processor.py:839} INFO - DAG(s) dict_keys(['sample_etl']) retrieved from /opt/airflow/dags/sample_etl.py
[2025-03-12T06:40:38.540+0000] {logging_mixin.py:154} INFO - [2025-03-12T06:40:38.539+0000] {dag.py:2941} INFO - Sync 1 DAGs
[2025-03-12T06:40:38.550+0000] {logging_mixin.py:154} INFO - [2025-03-12T06:40:38.550+0000] {dag.py:3722} INFO - Setting next_dagrun for sample_etl to 2025-03-11T00:00:00+00:00, run_after=2025-03-12T00:00:00+00:00
[2025-03-12T06:40:38.556+0000] {processor.py:179} INFO - Processing /opt/airflow/dags/sample_etl.py took 0.056 seconds
[2025-03-12T06:41:08.851+0000] {processor.py:157} INFO - Started process (PID=122) to work on /opt/airflow/dags/sample_etl.py
[2025-03-12T06:41:08.852+0000] {processor.py:829} INFO - Processing file /opt/airflow/dags/sample_etl.py for tasks to queue
[2025-03-12T06:41:08.856+0000] {logging_mixin.py:154} INFO - [2025-03-12T06:41:08.855+0000] {dagbag.py:536} INFO - Filling up the DagBag from /opt/airflow/dags/sample_etl.py
[2025-03-12T06:41:08.868+0000] {processor.py:839} INFO - DAG(s) dict_keys(['sample_etl']) retrieved from /opt/airflow/dags/sample_etl.py
[2025-03-12T06:41:08.880+0000] {logging_mixin.py:154} INFO - [2025-03-12T06:41:08.880+0000] {dag.py:2941} INFO - Sync 1 DAGs
[2025-03-12T06:41:08.889+0000] {logging_mixin.py:154} INFO - [2025-03-12T06:41:08.889+0000] {dag.py:3722} INFO - Setting next_dagrun for sample_etl to 2025-03-11T00:00:00+00:00, run_after=2025-03-12T00:00:00+00:00
[2025-03-12T06:41:08.896+0000] {processor.py:179} INFO - Processing /opt/airflow/dags/sample_etl.py took 0.048 seconds
[2025-03-12T06:41:39.190+0000] {processor.py:157} INFO - Started process (PID=131) to work on /opt/airflow/dags/sample_etl.py
[2025-03-12T06:41:39.192+0000] {processor.py:829} INFO - Processing file /opt/airflow/dags/sample_etl.py for tasks to queue
[2025-03-12T06:41:39.193+0000] {logging_mixin.py:154} INFO - [2025-03-12T06:41:39.193+0000] {dagbag.py:536} INFO - Filling up the DagBag from /opt/airflow/dags/sample_etl.py
[2025-03-12T06:41:39.205+0000] {processor.py:839} INFO - DAG(s) dict_keys(['sample_etl']) retrieved from /opt/airflow/dags/sample_etl.py
[2025-03-12T06:41:39.219+0000] {logging_mixin.py:154} INFO - [2025-03-12T06:41:39.219+0000] {dag.py:2941} INFO - Sync 1 DAGs
[2025-03-12T06:41:39.229+0000] {logging_mixin.py:154} INFO - [2025-03-12T06:41:39.229+0000] {dag.py:3722} INFO - Setting next_dagrun for sample_etl to 2025-03-11T00:00:00+00:00, run_after=2025-03-12T00:00:00+00:00
[2025-03-12T06:41:39.236+0000] {processor.py:179} INFO - Processing /opt/airflow/dags/sample_etl.py took 0.048 seconds
[2025-03-12T06:42:09.504+0000] {processor.py:157} INFO - Started process (PID=140) to work on /opt/airflow/dags/sample_etl.py
[2025-03-12T06:42:09.507+0000] {processor.py:829} INFO - Processing file /opt/airflow/dags/sample_etl.py for tasks to queue
[2025-03-12T06:42:09.509+0000] {logging_mixin.py:154} INFO - [2025-03-12T06:42:09.508+0000] {dagbag.py:536} INFO - Filling up the DagBag from /opt/airflow/dags/sample_etl.py
[2025-03-12T06:42:09.521+0000] {processor.py:839} INFO - DAG(s) dict_keys(['sample_etl']) retrieved from /opt/airflow/dags/sample_etl.py
[2025-03-12T06:42:09.535+0000] {logging_mixin.py:154} INFO - [2025-03-12T06:42:09.535+0000] {dag.py:2941} INFO - Sync 1 DAGs
[2025-03-12T06:42:09.546+0000] {logging_mixin.py:154} INFO - [2025-03-12T06:42:09.546+0000] {dag.py:3722} INFO - Setting next_dagrun for sample_etl to 2025-03-11T00:00:00+00:00, run_after=2025-03-12T00:00:00+00:00
[2025-03-12T06:42:09.552+0000] {processor.py:179} INFO - Processing /opt/airflow/dags/sample_etl.py took 0.050 seconds
[2025-03-12T06:42:39.777+0000] {processor.py:157} INFO - Started process (PID=149) to work on /opt/airflow/dags/sample_etl.py
[2025-03-12T06:42:39.780+0000] {processor.py:829} INFO - Processing file /opt/airflow/dags/sample_etl.py for tasks to queue
[2025-03-12T06:42:39.781+0000] {logging_mixin.py:154} INFO - [2025-03-12T06:42:39.781+0000] {dagbag.py:536} INFO - Filling up the DagBag from /opt/airflow/dags/sample_etl.py
[2025-03-12T06:42:39.790+0000] {processor.py:839} INFO - DAG(s) dict_keys(['sample_etl']) retrieved from /opt/airflow/dags/sample_etl.py
[2025-03-12T06:42:39.802+0000] {logging_mixin.py:154} INFO - [2025-03-12T06:42:39.802+0000] {dag.py:2941} INFO - Sync 1 DAGs
[2025-03-12T06:42:39.812+0000] {logging_mixin.py:154} INFO - [2025-03-12T06:42:39.812+0000] {dag.py:3722} INFO - Setting next_dagrun for sample_etl to 2025-03-11T00:00:00+00:00, run_after=2025-03-12T00:00:00+00:00
[2025-03-12T06:42:39.818+0000] {processor.py:179} INFO - Processing /opt/airflow/dags/sample_etl.py took 0.044 seconds
[2025-03-12T06:43:10.115+0000] {processor.py:157} INFO - Started process (PID=158) to work on /opt/airflow/dags/sample_etl.py
[2025-03-12T06:43:10.116+0000] {processor.py:829} INFO - Processing file /opt/airflow/dags/sample_etl.py for tasks to queue
[2025-03-12T06:43:10.120+0000] {logging_mixin.py:154} INFO - [2025-03-12T06:43:10.119+0000] {dagbag.py:536} INFO - Filling up the DagBag from /opt/airflow/dags/sample_etl.py
[2025-03-12T06:43:10.139+0000] {processor.py:839} INFO - DAG(s) dict_keys(['sample_etl']) retrieved from /opt/airflow/dags/sample_etl.py
[2025-03-12T06:43:10.165+0000] {logging_mixin.py:154} INFO - [2025-03-12T06:43:10.165+0000] {dag.py:2941} INFO - Sync 1 DAGs
[2025-03-12T06:43:10.176+0000] {logging_mixin.py:154} INFO - [2025-03-12T06:43:10.176+0000] {dag.py:3722} INFO - Setting next_dagrun for sample_etl to 2025-03-11T00:00:00+00:00, run_after=2025-03-12T00:00:00+00:00
[2025-03-12T06:43:10.183+0000] {processor.py:179} INFO - Processing /opt/airflow/dags/sample_etl.py took 0.073 seconds
[2025-03-12T06:43:40.432+0000] {processor.py:157} INFO - Started process (PID=167) to work on /opt/airflow/dags/sample_etl.py
[2025-03-12T06:43:40.433+0000] {processor.py:829} INFO - Processing file /opt/airflow/dags/sample_etl.py for tasks to queue
[2025-03-12T06:43:40.435+0000] {logging_mixin.py:154} INFO - [2025-03-12T06:43:40.435+0000] {dagbag.py:536} INFO - Filling up the DagBag from /opt/airflow/dags/sample_etl.py
[2025-03-12T06:43:40.448+0000] {processor.py:839} INFO - DAG(s) dict_keys(['sample_etl']) retrieved from /opt/airflow/dags/sample_etl.py
[2025-03-12T06:43:40.462+0000] {logging_mixin.py:154} INFO - [2025-03-12T06:43:40.462+0000] {dag.py:2941} INFO - Sync 1 DAGs
[2025-03-12T06:43:40.471+0000] {logging_mixin.py:154} INFO - [2025-03-12T06:43:40.471+0000] {dag.py:3722} INFO - Setting next_dagrun for sample_etl to 2025-03-11T00:00:00+00:00, run_after=2025-03-12T00:00:00+00:00
[2025-03-12T06:43:40.478+0000] {processor.py:179} INFO - Processing /opt/airflow/dags/sample_etl.py took 0.049 seconds
[2025-03-12T06:44:10.778+0000] {processor.py:157} INFO - Started process (PID=176) to work on /opt/airflow/dags/sample_etl.py
[2025-03-12T06:44:10.781+0000] {processor.py:829} INFO - Processing file /opt/airflow/dags/sample_etl.py for tasks to queue
[2025-03-12T06:44:10.784+0000] {logging_mixin.py:154} INFO - [2025-03-12T06:44:10.783+0000] {dagbag.py:536} INFO - Filling up the DagBag from /opt/airflow/dags/sample_etl.py
[2025-03-12T06:44:10.803+0000] {processor.py:839} INFO - DAG(s) dict_keys(['sample_etl']) retrieved from /opt/airflow/dags/sample_etl.py
[2025-03-12T06:44:10.826+0000] {logging_mixin.py:154} INFO - [2025-03-12T06:44:10.826+0000] {dag.py:2941} INFO - Sync 1 DAGs
[2025-03-12T06:44:10.843+0000] {logging_mixin.py:154} INFO - [2025-03-12T06:44:10.843+0000] {dag.py:3722} INFO - Setting next_dagrun for sample_etl to 2025-03-11T00:00:00+00:00, run_after=2025-03-12T00:00:00+00:00
[2025-03-12T06:44:10.852+0000] {processor.py:179} INFO - Processing /opt/airflow/dags/sample_etl.py took 0.077 seconds
[2025-03-12T06:44:41.147+0000] {processor.py:157} INFO - Started process (PID=185) to work on /opt/airflow/dags/sample_etl.py
[2025-03-12T06:44:41.151+0000] {processor.py:829} INFO - Processing file /opt/airflow/dags/sample_etl.py for tasks to queue
[2025-03-12T06:44:41.154+0000] {logging_mixin.py:154} INFO - [2025-03-12T06:44:41.154+0000] {dagbag.py:536} INFO - Filling up the DagBag from /opt/airflow/dags/sample_etl.py
[2025-03-12T06:44:41.176+0000] {processor.py:839} INFO - DAG(s) dict_keys(['sample_etl']) retrieved from /opt/airflow/dags/sample_etl.py
[2025-03-12T06:44:41.202+0000] {logging_mixin.py:154} INFO - [2025-03-12T06:44:41.202+0000] {dag.py:2941} INFO - Sync 1 DAGs
[2025-03-12T06:44:41.212+0000] {logging_mixin.py:154} INFO - [2025-03-12T06:44:41.212+0000] {dag.py:3722} INFO - Setting next_dagrun for sample_etl to 2025-03-11T00:00:00+00:00, run_after=2025-03-12T00:00:00+00:00
[2025-03-12T06:44:41.218+0000] {processor.py:179} INFO - Processing /opt/airflow/dags/sample_etl.py took 0.077 seconds
[2025-03-12T06:45:11.519+0000] {processor.py:157} INFO - Started process (PID=201) to work on /opt/airflow/dags/sample_etl.py
[2025-03-12T06:45:11.521+0000] {processor.py:829} INFO - Processing file /opt/airflow/dags/sample_etl.py for tasks to queue
[2025-03-12T06:45:11.523+0000] {logging_mixin.py:154} INFO - [2025-03-12T06:45:11.523+0000] {dagbag.py:536} INFO - Filling up the DagBag from /opt/airflow/dags/sample_etl.py
[2025-03-12T06:45:11.533+0000] {processor.py:839} INFO - DAG(s) dict_keys(['sample_etl']) retrieved from /opt/airflow/dags/sample_etl.py
[2025-03-12T06:45:11.547+0000] {logging_mixin.py:154} INFO - [2025-03-12T06:45:11.547+0000] {dag.py:2941} INFO - Sync 1 DAGs
[2025-03-12T06:45:11.556+0000] {logging_mixin.py:154} INFO - [2025-03-12T06:45:11.556+0000] {dag.py:3722} INFO - Setting next_dagrun for sample_etl to 2025-03-11T00:00:00+00:00, run_after=2025-03-12T00:00:00+00:00
[2025-03-12T06:45:11.562+0000] {processor.py:179} INFO - Processing /opt/airflow/dags/sample_etl.py took 0.045 seconds
[2025-03-12T06:45:41.856+0000] {processor.py:157} INFO - Started process (PID=210) to work on /opt/airflow/dags/sample_etl.py
[2025-03-12T06:45:41.857+0000] {processor.py:829} INFO - Processing file /opt/airflow/dags/sample_etl.py for tasks to queue
[2025-03-12T06:45:41.859+0000] {logging_mixin.py:154} INFO - [2025-03-12T06:45:41.859+0000] {dagbag.py:536} INFO - Filling up the DagBag from /opt/airflow/dags/sample_etl.py
[2025-03-12T06:45:41.880+0000] {processor.py:839} INFO - DAG(s) dict_keys(['sample_etl']) retrieved from /opt/airflow/dags/sample_etl.py
[2025-03-12T06:45:41.900+0000] {logging_mixin.py:154} INFO - [2025-03-12T06:45:41.899+0000] {dag.py:2941} INFO - Sync 1 DAGs
[2025-03-12T06:45:41.910+0000] {logging_mixin.py:154} INFO - [2025-03-12T06:45:41.910+0000] {dag.py:3722} INFO - Setting next_dagrun for sample_etl to 2025-03-11T00:00:00+00:00, run_after=2025-03-12T00:00:00+00:00
[2025-03-12T06:45:41.916+0000] {processor.py:179} INFO - Processing /opt/airflow/dags/sample_etl.py took 0.063 seconds
[2025-03-12T06:46:12.029+0000] {processor.py:157} INFO - Started process (PID=219) to work on /opt/airflow/dags/sample_etl.py
[2025-03-12T06:46:12.030+0000] {processor.py:829} INFO - Processing file /opt/airflow/dags/sample_etl.py for tasks to queue
[2025-03-12T06:46:12.033+0000] {logging_mixin.py:154} INFO - [2025-03-12T06:46:12.032+0000] {dagbag.py:536} INFO - Filling up the DagBag from /opt/airflow/dags/sample_etl.py
[2025-03-12T06:46:12.040+0000] {processor.py:839} INFO - DAG(s) dict_keys(['sample_etl']) retrieved from /opt/airflow/dags/sample_etl.py
[2025-03-12T06:46:12.055+0000] {logging_mixin.py:154} INFO - [2025-03-12T06:46:12.055+0000] {dag.py:2941} INFO - Sync 1 DAGs
[2025-03-12T06:46:12.067+0000] {logging_mixin.py:154} INFO - [2025-03-12T06:46:12.067+0000] {dag.py:3722} INFO - Setting next_dagrun for sample_etl to 2025-03-11T00:00:00+00:00, run_after=2025-03-12T00:00:00+00:00
[2025-03-12T06:46:12.074+0000] {processor.py:179} INFO - Processing /opt/airflow/dags/sample_etl.py took 0.047 seconds
[2025-03-12T06:46:42.303+0000] {processor.py:157} INFO - Started process (PID=228) to work on /opt/airflow/dags/sample_etl.py
[2025-03-12T06:46:42.306+0000] {processor.py:829} INFO - Processing file /opt/airflow/dags/sample_etl.py for tasks to queue
[2025-03-12T06:46:42.308+0000] {logging_mixin.py:154} INFO - [2025-03-12T06:46:42.308+0000] {dagbag.py:536} INFO - Filling up the DagBag from /opt/airflow/dags/sample_etl.py
[2025-03-12T06:46:42.324+0000] {processor.py:839} INFO - DAG(s) dict_keys(['sample_etl']) retrieved from /opt/airflow/dags/sample_etl.py
[2025-03-12T06:46:42.345+0000] {logging_mixin.py:154} INFO - [2025-03-12T06:46:42.344+0000] {dag.py:2941} INFO - Sync 1 DAGs
[2025-03-12T06:46:42.356+0000] {logging_mixin.py:154} INFO - [2025-03-12T06:46:42.356+0000] {dag.py:3722} INFO - Setting next_dagrun for sample_etl to 2025-03-11T00:00:00+00:00, run_after=2025-03-12T00:00:00+00:00
[2025-03-12T06:46:42.362+0000] {processor.py:179} INFO - Processing /opt/airflow/dags/sample_etl.py took 0.061 seconds
[2025-03-12T06:47:12.667+0000] {processor.py:157} INFO - Started process (PID=236) to work on /opt/airflow/dags/sample_etl.py
[2025-03-12T06:47:12.669+0000] {processor.py:829} INFO - Processing file /opt/airflow/dags/sample_etl.py for tasks to queue
[2025-03-12T06:47:12.671+0000] {logging_mixin.py:154} INFO - [2025-03-12T06:47:12.671+0000] {dagbag.py:536} INFO - Filling up the DagBag from /opt/airflow/dags/sample_etl.py
[2025-03-12T06:47:12.680+0000] {processor.py:839} INFO - DAG(s) dict_keys(['sample_etl']) retrieved from /opt/airflow/dags/sample_etl.py
[2025-03-12T06:47:12.692+0000] {logging_mixin.py:154} INFO - [2025-03-12T06:47:12.692+0000] {dag.py:2941} INFO - Sync 1 DAGs
[2025-03-12T06:47:12.702+0000] {logging_mixin.py:154} INFO - [2025-03-12T06:47:12.702+0000] {dag.py:3722} INFO - Setting next_dagrun for sample_etl to 2025-03-11T00:00:00+00:00, run_after=2025-03-12T00:00:00+00:00
[2025-03-12T06:47:12.709+0000] {processor.py:179} INFO - Processing /opt/airflow/dags/sample_etl.py took 0.043 seconds
[2025-03-12T06:47:42.969+0000] {processor.py:157} INFO - Started process (PID=245) to work on /opt/airflow/dags/sample_etl.py
[2025-03-12T06:47:42.971+0000] {processor.py:829} INFO - Processing file /opt/airflow/dags/sample_etl.py for tasks to queue
[2025-03-12T06:47:42.973+0000] {logging_mixin.py:154} INFO - [2025-03-12T06:47:42.973+0000] {dagbag.py:536} INFO - Filling up the DagBag from /opt/airflow/dags/sample_etl.py
[2025-03-12T06:47:42.983+0000] {processor.py:839} INFO - DAG(s) dict_keys(['sample_etl']) retrieved from /opt/airflow/dags/sample_etl.py
[2025-03-12T06:47:42.997+0000] {logging_mixin.py:154} INFO - [2025-03-12T06:47:42.997+0000] {dag.py:2941} INFO - Sync 1 DAGs
[2025-03-12T06:47:43.007+0000] {logging_mixin.py:154} INFO - [2025-03-12T06:47:43.007+0000] {dag.py:3722} INFO - Setting next_dagrun for sample_etl to 2025-03-11T00:00:00+00:00, run_after=2025-03-12T00:00:00+00:00
[2025-03-12T06:47:43.017+0000] {processor.py:179} INFO - Processing /opt/airflow/dags/sample_etl.py took 0.051 seconds
[2025-03-12T06:48:13.335+0000] {processor.py:157} INFO - Started process (PID=254) to work on /opt/airflow/dags/sample_etl.py
[2025-03-12T06:48:13.336+0000] {processor.py:829} INFO - Processing file /opt/airflow/dags/sample_etl.py for tasks to queue
[2025-03-12T06:48:13.338+0000] {logging_mixin.py:154} INFO - [2025-03-12T06:48:13.338+0000] {dagbag.py:536} INFO - Filling up the DagBag from /opt/airflow/dags/sample_etl.py
[2025-03-12T06:48:13.349+0000] {processor.py:839} INFO - DAG(s) dict_keys(['sample_etl']) retrieved from /opt/airflow/dags/sample_etl.py
[2025-03-12T06:48:13.366+0000] {logging_mixin.py:154} INFO - [2025-03-12T06:48:13.365+0000] {dag.py:2941} INFO - Sync 1 DAGs
[2025-03-12T06:48:13.376+0000] {logging_mixin.py:154} INFO - [2025-03-12T06:48:13.376+0000] {dag.py:3722} INFO - Setting next_dagrun for sample_etl to 2025-03-11T00:00:00+00:00, run_after=2025-03-12T00:00:00+00:00
[2025-03-12T06:48:13.383+0000] {processor.py:179} INFO - Processing /opt/airflow/dags/sample_etl.py took 0.050 seconds
[2025-03-12T06:48:43.554+0000] {processor.py:157} INFO - Started process (PID=263) to work on /opt/airflow/dags/sample_etl.py
[2025-03-12T06:48:43.556+0000] {processor.py:829} INFO - Processing file /opt/airflow/dags/sample_etl.py for tasks to queue
[2025-03-12T06:48:43.557+0000] {logging_mixin.py:154} INFO - [2025-03-12T06:48:43.557+0000] {dagbag.py:536} INFO - Filling up the DagBag from /opt/airflow/dags/sample_etl.py
[2025-03-12T06:48:43.577+0000] {processor.py:839} INFO - DAG(s) dict_keys(['sample_etl']) retrieved from /opt/airflow/dags/sample_etl.py
[2025-03-12T06:48:43.594+0000] {logging_mixin.py:154} INFO - [2025-03-12T06:48:43.594+0000] {dag.py:2941} INFO - Sync 1 DAGs
[2025-03-12T06:48:43.603+0000] {logging_mixin.py:154} INFO - [2025-03-12T06:48:43.603+0000] {dag.py:3722} INFO - Setting next_dagrun for sample_etl to 2025-03-11T00:00:00+00:00, run_after=2025-03-12T00:00:00+00:00
[2025-03-12T06:48:43.610+0000] {processor.py:179} INFO - Processing /opt/airflow/dags/sample_etl.py took 0.058 seconds
[2025-03-12T06:49:13.807+0000] {processor.py:157} INFO - Started process (PID=272) to work on /opt/airflow/dags/sample_etl.py
[2025-03-12T06:49:13.808+0000] {processor.py:829} INFO - Processing file /opt/airflow/dags/sample_etl.py for tasks to queue
[2025-03-12T06:49:13.810+0000] {logging_mixin.py:154} INFO - [2025-03-12T06:49:13.810+0000] {dagbag.py:536} INFO - Filling up the DagBag from /opt/airflow/dags/sample_etl.py
[2025-03-12T06:49:13.820+0000] {processor.py:839} INFO - DAG(s) dict_keys(['sample_etl']) retrieved from /opt/airflow/dags/sample_etl.py
[2025-03-12T06:49:13.835+0000] {logging_mixin.py:154} INFO - [2025-03-12T06:49:13.835+0000] {dag.py:2941} INFO - Sync 1 DAGs
[2025-03-12T06:49:13.845+0000] {logging_mixin.py:154} INFO - [2025-03-12T06:49:13.845+0000] {dag.py:3722} INFO - Setting next_dagrun for sample_etl to 2025-03-11T00:00:00+00:00, run_after=2025-03-12T00:00:00+00:00
[2025-03-12T06:49:13.852+0000] {processor.py:179} INFO - Processing /opt/airflow/dags/sample_etl.py took 0.047 seconds
[2025-03-12T06:49:44.083+0000] {processor.py:157} INFO - Started process (PID=281) to work on /opt/airflow/dags/sample_etl.py
[2025-03-12T06:49:44.085+0000] {processor.py:829} INFO - Processing file /opt/airflow/dags/sample_etl.py for tasks to queue
[2025-03-12T06:49:44.087+0000] {logging_mixin.py:154} INFO - [2025-03-12T06:49:44.087+0000] {dagbag.py:536} INFO - Filling up the DagBag from /opt/airflow/dags/sample_etl.py
[2025-03-12T06:49:44.096+0000] {processor.py:839} INFO - DAG(s) dict_keys(['sample_etl']) retrieved from /opt/airflow/dags/sample_etl.py
[2025-03-12T06:49:44.108+0000] {logging_mixin.py:154} INFO - [2025-03-12T06:49:44.108+0000] {dag.py:2941} INFO - Sync 1 DAGs
[2025-03-12T06:49:44.119+0000] {logging_mixin.py:154} INFO - [2025-03-12T06:49:44.119+0000] {dag.py:3722} INFO - Setting next_dagrun for sample_etl to 2025-03-11T00:00:00+00:00, run_after=2025-03-12T00:00:00+00:00
[2025-03-12T06:49:44.125+0000] {processor.py:179} INFO - Processing /opt/airflow/dags/sample_etl.py took 0.043 seconds
[2025-03-12T06:50:14.423+0000] {processor.py:157} INFO - Started process (PID=290) to work on /opt/airflow/dags/sample_etl.py
[2025-03-12T06:50:14.425+0000] {processor.py:829} INFO - Processing file /opt/airflow/dags/sample_etl.py for tasks to queue
[2025-03-12T06:50:14.426+0000] {logging_mixin.py:154} INFO - [2025-03-12T06:50:14.426+0000] {dagbag.py:536} INFO - Filling up the DagBag from /opt/airflow/dags/sample_etl.py
[2025-03-12T06:50:14.437+0000] {processor.py:839} INFO - DAG(s) dict_keys(['sample_etl']) retrieved from /opt/airflow/dags/sample_etl.py
[2025-03-12T06:50:14.452+0000] {logging_mixin.py:154} INFO - [2025-03-12T06:50:14.452+0000] {dag.py:2941} INFO - Sync 1 DAGs
[2025-03-12T06:50:14.462+0000] {logging_mixin.py:154} INFO - [2025-03-12T06:50:14.462+0000] {dag.py:3722} INFO - Setting next_dagrun for sample_etl to 2025-03-11T00:00:00+00:00, run_after=2025-03-12T00:00:00+00:00
[2025-03-12T06:50:14.469+0000] {processor.py:179} INFO - Processing /opt/airflow/dags/sample_etl.py took 0.049 seconds
[2025-03-12T06:53:39.304+0000] {processor.py:157} INFO - Started process (PID=42) to work on /opt/airflow/dags/sample_etl.py
[2025-03-12T06:53:39.305+0000] {processor.py:829} INFO - Processing file /opt/airflow/dags/sample_etl.py for tasks to queue
[2025-03-12T06:53:39.306+0000] {logging_mixin.py:154} INFO - [2025-03-12T06:53:39.306+0000] {dagbag.py:536} INFO - Filling up the DagBag from /opt/airflow/dags/sample_etl.py
[2025-03-12T06:53:39.324+0000] {processor.py:839} INFO - DAG(s) dict_keys(['sample_etl']) retrieved from /opt/airflow/dags/sample_etl.py
[2025-03-12T06:53:39.349+0000] {logging_mixin.py:154} INFO - [2025-03-12T06:53:39.348+0000] {dag.py:2941} INFO - Sync 1 DAGs
[2025-03-12T06:53:39.377+0000] {logging_mixin.py:154} INFO - [2025-03-12T06:53:39.377+0000] {dag.py:3722} INFO - Setting next_dagrun for sample_etl to 2025-03-11T00:00:00+00:00, run_after=2025-03-12T00:00:00+00:00
[2025-03-12T06:53:39.400+0000] {processor.py:179} INFO - Processing /opt/airflow/dags/sample_etl.py took 0.099 seconds
[2025-03-12T06:54:09.595+0000] {processor.py:157} INFO - Started process (PID=51) to work on /opt/airflow/dags/sample_etl.py
[2025-03-12T06:54:09.596+0000] {processor.py:829} INFO - Processing file /opt/airflow/dags/sample_etl.py for tasks to queue
[2025-03-12T06:54:09.597+0000] {logging_mixin.py:154} INFO - [2025-03-12T06:54:09.597+0000] {dagbag.py:536} INFO - Filling up the DagBag from /opt/airflow/dags/sample_etl.py
[2025-03-12T06:54:09.609+0000] {processor.py:839} INFO - DAG(s) dict_keys(['sample_etl']) retrieved from /opt/airflow/dags/sample_etl.py
[2025-03-12T06:54:09.624+0000] {logging_mixin.py:154} INFO - [2025-03-12T06:54:09.623+0000] {dag.py:2941} INFO - Sync 1 DAGs
[2025-03-12T06:54:09.634+0000] {logging_mixin.py:154} INFO - [2025-03-12T06:54:09.634+0000] {dag.py:3722} INFO - Setting next_dagrun for sample_etl to 2025-03-11T00:00:00+00:00, run_after=2025-03-12T00:00:00+00:00
[2025-03-12T06:54:09.640+0000] {processor.py:179} INFO - Processing /opt/airflow/dags/sample_etl.py took 0.048 seconds
[2025-03-12T06:54:39.906+0000] {processor.py:157} INFO - Started process (PID=60) to work on /opt/airflow/dags/sample_etl.py
[2025-03-12T06:54:39.907+0000] {processor.py:829} INFO - Processing file /opt/airflow/dags/sample_etl.py for tasks to queue
[2025-03-12T06:54:39.909+0000] {logging_mixin.py:154} INFO - [2025-03-12T06:54:39.908+0000] {dagbag.py:536} INFO - Filling up the DagBag from /opt/airflow/dags/sample_etl.py
[2025-03-12T06:54:39.917+0000] {processor.py:839} INFO - DAG(s) dict_keys(['sample_etl']) retrieved from /opt/airflow/dags/sample_etl.py
[2025-03-12T06:54:39.932+0000] {logging_mixin.py:154} INFO - [2025-03-12T06:54:39.932+0000] {dag.py:2941} INFO - Sync 1 DAGs
[2025-03-12T06:54:39.942+0000] {logging_mixin.py:154} INFO - [2025-03-12T06:54:39.942+0000] {dag.py:3722} INFO - Setting next_dagrun for sample_etl to 2025-03-11T00:00:00+00:00, run_after=2025-03-12T00:00:00+00:00
[2025-03-12T06:54:39.948+0000] {processor.py:179} INFO - Processing /opt/airflow/dags/sample_etl.py took 0.044 seconds
[2025-03-12T06:55:10.242+0000] {processor.py:157} INFO - Started process (PID=69) to work on /opt/airflow/dags/sample_etl.py
[2025-03-12T06:55:10.243+0000] {processor.py:829} INFO - Processing file /opt/airflow/dags/sample_etl.py for tasks to queue
[2025-03-12T06:55:10.244+0000] {logging_mixin.py:154} INFO - [2025-03-12T06:55:10.244+0000] {dagbag.py:536} INFO - Filling up the DagBag from /opt/airflow/dags/sample_etl.py
[2025-03-12T06:55:10.255+0000] {processor.py:839} INFO - DAG(s) dict_keys(['sample_etl']) retrieved from /opt/airflow/dags/sample_etl.py
[2025-03-12T06:55:10.268+0000] {logging_mixin.py:154} INFO - [2025-03-12T06:55:10.268+0000] {dag.py:2941} INFO - Sync 1 DAGs
[2025-03-12T06:55:10.278+0000] {logging_mixin.py:154} INFO - [2025-03-12T06:55:10.278+0000] {dag.py:3722} INFO - Setting next_dagrun for sample_etl to 2025-03-11T00:00:00+00:00, run_after=2025-03-12T00:00:00+00:00
[2025-03-12T06:55:10.285+0000] {processor.py:179} INFO - Processing /opt/airflow/dags/sample_etl.py took 0.045 seconds
