[2025-02-22T12:47:28.242+0000] {processor.py:157} INFO - Started process (PID=47) to work on /opt/airflow/dags/sample_etl.py
[2025-02-22T12:47:28.248+0000] {processor.py:829} INFO - Processing file /opt/airflow/dags/sample_etl.py for tasks to queue
[2025-02-22T12:47:28.251+0000] {logging_mixin.py:154} INFO - [2025-02-22T12:47:28.251+0000] {dagbag.py:536} INFO - Filling up the DagBag from /opt/airflow/dags/sample_etl.py
[2025-02-22T12:47:28.284+0000] {processor.py:839} INFO - DAG(s) dict_keys(['sample_etl']) retrieved from /opt/airflow/dags/sample_etl.py
[2025-02-22T12:47:28.496+0000] {logging_mixin.py:154} INFO - [2025-02-22T12:47:28.496+0000] {dag.py:2941} INFO - Sync 1 DAGs
[2025-02-22T12:47:28.524+0000] {logging_mixin.py:154} INFO - [2025-02-22T12:47:28.523+0000] {dag.py:3722} INFO - Setting next_dagrun for sample_etl to 2025-02-22T00:00:00+00:00, run_after=2025-02-23T00:00:00+00:00
[2025-02-22T12:47:28.565+0000] {processor.py:179} INFO - Processing /opt/airflow/dags/sample_etl.py took 0.327 seconds
[2025-02-22T12:47:58.810+0000] {processor.py:157} INFO - Started process (PID=55) to work on /opt/airflow/dags/sample_etl.py
[2025-02-22T12:47:58.811+0000] {processor.py:829} INFO - Processing file /opt/airflow/dags/sample_etl.py for tasks to queue
[2025-02-22T12:47:58.813+0000] {logging_mixin.py:154} INFO - [2025-02-22T12:47:58.813+0000] {dagbag.py:536} INFO - Filling up the DagBag from /opt/airflow/dags/sample_etl.py
[2025-02-22T12:47:58.828+0000] {processor.py:839} INFO - DAG(s) dict_keys(['sample_etl']) retrieved from /opt/airflow/dags/sample_etl.py
[2025-02-22T12:47:58.906+0000] {logging_mixin.py:154} INFO - [2025-02-22T12:47:58.906+0000] {dag.py:2941} INFO - Sync 1 DAGs
[2025-02-22T12:47:58.923+0000] {logging_mixin.py:154} INFO - [2025-02-22T12:47:58.922+0000] {dag.py:3722} INFO - Setting next_dagrun for sample_etl to 2025-02-22T00:00:00+00:00, run_after=2025-02-23T00:00:00+00:00
[2025-02-22T12:47:58.954+0000] {processor.py:179} INFO - Processing /opt/airflow/dags/sample_etl.py took 0.149 seconds
[2025-02-22T12:48:29.035+0000] {processor.py:157} INFO - Started process (PID=63) to work on /opt/airflow/dags/sample_etl.py
[2025-02-22T12:48:29.036+0000] {processor.py:829} INFO - Processing file /opt/airflow/dags/sample_etl.py for tasks to queue
[2025-02-22T12:48:29.038+0000] {logging_mixin.py:154} INFO - [2025-02-22T12:48:29.037+0000] {dagbag.py:536} INFO - Filling up the DagBag from /opt/airflow/dags/sample_etl.py
[2025-02-22T12:48:29.046+0000] {processor.py:839} INFO - DAG(s) dict_keys(['sample_etl']) retrieved from /opt/airflow/dags/sample_etl.py
[2025-02-22T12:48:29.066+0000] {logging_mixin.py:154} INFO - [2025-02-22T12:48:29.066+0000] {dag.py:2941} INFO - Sync 1 DAGs
[2025-02-22T12:48:29.082+0000] {logging_mixin.py:154} INFO - [2025-02-22T12:48:29.082+0000] {dag.py:3722} INFO - Setting next_dagrun for sample_etl to 2025-02-22T00:00:00+00:00, run_after=2025-02-23T00:00:00+00:00
[2025-02-22T12:48:29.091+0000] {processor.py:179} INFO - Processing /opt/airflow/dags/sample_etl.py took 0.060 seconds
[2025-02-22T12:48:59.274+0000] {processor.py:157} INFO - Started process (PID=71) to work on /opt/airflow/dags/sample_etl.py
[2025-02-22T12:48:59.275+0000] {processor.py:829} INFO - Processing file /opt/airflow/dags/sample_etl.py for tasks to queue
[2025-02-22T12:48:59.277+0000] {logging_mixin.py:154} INFO - [2025-02-22T12:48:59.277+0000] {dagbag.py:536} INFO - Filling up the DagBag from /opt/airflow/dags/sample_etl.py
[2025-02-22T12:48:59.288+0000] {processor.py:839} INFO - DAG(s) dict_keys(['sample_etl']) retrieved from /opt/airflow/dags/sample_etl.py
[2025-02-22T12:48:59.307+0000] {logging_mixin.py:154} INFO - [2025-02-22T12:48:59.307+0000] {dag.py:2941} INFO - Sync 1 DAGs
[2025-02-22T12:48:59.322+0000] {logging_mixin.py:154} INFO - [2025-02-22T12:48:59.322+0000] {dag.py:3722} INFO - Setting next_dagrun for sample_etl to 2025-02-22T00:00:00+00:00, run_after=2025-02-23T00:00:00+00:00
[2025-02-22T12:48:59.332+0000] {processor.py:179} INFO - Processing /opt/airflow/dags/sample_etl.py took 0.062 seconds
[2025-02-22T12:49:29.551+0000] {processor.py:157} INFO - Started process (PID=79) to work on /opt/airflow/dags/sample_etl.py
[2025-02-22T12:49:29.552+0000] {processor.py:829} INFO - Processing file /opt/airflow/dags/sample_etl.py for tasks to queue
[2025-02-22T12:49:29.554+0000] {logging_mixin.py:154} INFO - [2025-02-22T12:49:29.553+0000] {dagbag.py:536} INFO - Filling up the DagBag from /opt/airflow/dags/sample_etl.py
[2025-02-22T12:49:29.561+0000] {processor.py:839} INFO - DAG(s) dict_keys(['sample_etl']) retrieved from /opt/airflow/dags/sample_etl.py
[2025-02-22T12:49:29.577+0000] {logging_mixin.py:154} INFO - [2025-02-22T12:49:29.577+0000] {dag.py:2941} INFO - Sync 1 DAGs
[2025-02-22T12:49:29.603+0000] {logging_mixin.py:154} INFO - [2025-02-22T12:49:29.603+0000] {dag.py:3722} INFO - Setting next_dagrun for sample_etl to 2025-02-22T00:00:00+00:00, run_after=2025-02-23T00:00:00+00:00
[2025-02-22T12:49:29.613+0000] {processor.py:179} INFO - Processing /opt/airflow/dags/sample_etl.py took 0.065 seconds
[2025-02-22T12:49:59.823+0000] {processor.py:157} INFO - Started process (PID=87) to work on /opt/airflow/dags/sample_etl.py
[2025-02-22T12:49:59.823+0000] {processor.py:829} INFO - Processing file /opt/airflow/dags/sample_etl.py for tasks to queue
[2025-02-22T12:49:59.826+0000] {logging_mixin.py:154} INFO - [2025-02-22T12:49:59.825+0000] {dagbag.py:536} INFO - Filling up the DagBag from /opt/airflow/dags/sample_etl.py
[2025-02-22T12:49:59.835+0000] {processor.py:839} INFO - DAG(s) dict_keys(['sample_etl']) retrieved from /opt/airflow/dags/sample_etl.py
[2025-02-22T12:49:59.850+0000] {logging_mixin.py:154} INFO - [2025-02-22T12:49:59.850+0000] {dag.py:2941} INFO - Sync 1 DAGs
[2025-02-22T12:49:59.863+0000] {logging_mixin.py:154} INFO - [2025-02-22T12:49:59.863+0000] {dag.py:3722} INFO - Setting next_dagrun for sample_etl to 2025-02-22T00:00:00+00:00, run_after=2025-02-23T00:00:00+00:00
[2025-02-22T12:49:59.873+0000] {processor.py:179} INFO - Processing /opt/airflow/dags/sample_etl.py took 0.053 seconds
[2025-02-22T12:50:30.093+0000] {processor.py:157} INFO - Started process (PID=95) to work on /opt/airflow/dags/sample_etl.py
[2025-02-22T12:50:30.094+0000] {processor.py:829} INFO - Processing file /opt/airflow/dags/sample_etl.py for tasks to queue
[2025-02-22T12:50:30.097+0000] {logging_mixin.py:154} INFO - [2025-02-22T12:50:30.097+0000] {dagbag.py:536} INFO - Filling up the DagBag from /opt/airflow/dags/sample_etl.py
[2025-02-22T12:50:30.108+0000] {processor.py:839} INFO - DAG(s) dict_keys(['sample_etl']) retrieved from /opt/airflow/dags/sample_etl.py
[2025-02-22T12:50:30.129+0000] {logging_mixin.py:154} INFO - [2025-02-22T12:50:30.129+0000] {dag.py:2941} INFO - Sync 1 DAGs
[2025-02-22T12:50:30.150+0000] {logging_mixin.py:154} INFO - [2025-02-22T12:50:30.150+0000] {dag.py:3722} INFO - Setting next_dagrun for sample_etl to 2025-02-22T00:00:00+00:00, run_after=2025-02-23T00:00:00+00:00
[2025-02-22T12:50:30.162+0000] {processor.py:179} INFO - Processing /opt/airflow/dags/sample_etl.py took 0.073 seconds
[2025-02-22T12:51:00.383+0000] {processor.py:157} INFO - Started process (PID=103) to work on /opt/airflow/dags/sample_etl.py
[2025-02-22T12:51:00.384+0000] {processor.py:829} INFO - Processing file /opt/airflow/dags/sample_etl.py for tasks to queue
[2025-02-22T12:51:00.387+0000] {logging_mixin.py:154} INFO - [2025-02-22T12:51:00.386+0000] {dagbag.py:536} INFO - Filling up the DagBag from /opt/airflow/dags/sample_etl.py
[2025-02-22T12:51:00.397+0000] {processor.py:839} INFO - DAG(s) dict_keys(['sample_etl']) retrieved from /opt/airflow/dags/sample_etl.py
[2025-02-22T12:51:00.417+0000] {logging_mixin.py:154} INFO - [2025-02-22T12:51:00.417+0000] {dag.py:2941} INFO - Sync 1 DAGs
[2025-02-22T12:51:00.433+0000] {logging_mixin.py:154} INFO - [2025-02-22T12:51:00.433+0000] {dag.py:3722} INFO - Setting next_dagrun for sample_etl to 2025-02-22T00:00:00+00:00, run_after=2025-02-23T00:00:00+00:00
[2025-02-22T12:51:00.444+0000] {processor.py:179} INFO - Processing /opt/airflow/dags/sample_etl.py took 0.065 seconds
[2025-02-22T12:51:30.641+0000] {processor.py:157} INFO - Started process (PID=111) to work on /opt/airflow/dags/sample_etl.py
[2025-02-22T12:51:30.642+0000] {processor.py:829} INFO - Processing file /opt/airflow/dags/sample_etl.py for tasks to queue
[2025-02-22T12:51:30.644+0000] {logging_mixin.py:154} INFO - [2025-02-22T12:51:30.644+0000] {dagbag.py:536} INFO - Filling up the DagBag from /opt/airflow/dags/sample_etl.py
[2025-02-22T12:51:30.655+0000] {processor.py:839} INFO - DAG(s) dict_keys(['sample_etl']) retrieved from /opt/airflow/dags/sample_etl.py
[2025-02-22T12:51:30.673+0000] {logging_mixin.py:154} INFO - [2025-02-22T12:51:30.673+0000] {dag.py:2941} INFO - Sync 1 DAGs
[2025-02-22T12:51:30.688+0000] {logging_mixin.py:154} INFO - [2025-02-22T12:51:30.688+0000] {dag.py:3722} INFO - Setting next_dagrun for sample_etl to 2025-02-22T00:00:00+00:00, run_after=2025-02-23T00:00:00+00:00
[2025-02-22T12:51:30.698+0000] {processor.py:179} INFO - Processing /opt/airflow/dags/sample_etl.py took 0.060 seconds
[2025-02-22T12:52:00.935+0000] {processor.py:157} INFO - Started process (PID=119) to work on /opt/airflow/dags/sample_etl.py
[2025-02-22T12:52:00.936+0000] {processor.py:829} INFO - Processing file /opt/airflow/dags/sample_etl.py for tasks to queue
[2025-02-22T12:52:00.938+0000] {logging_mixin.py:154} INFO - [2025-02-22T12:52:00.938+0000] {dagbag.py:536} INFO - Filling up the DagBag from /opt/airflow/dags/sample_etl.py
[2025-02-22T12:52:00.948+0000] {processor.py:839} INFO - DAG(s) dict_keys(['sample_etl']) retrieved from /opt/airflow/dags/sample_etl.py
[2025-02-22T12:52:00.965+0000] {logging_mixin.py:154} INFO - [2025-02-22T12:52:00.965+0000] {dag.py:2941} INFO - Sync 1 DAGs
[2025-02-22T12:52:00.979+0000] {logging_mixin.py:154} INFO - [2025-02-22T12:52:00.979+0000] {dag.py:3722} INFO - Setting next_dagrun for sample_etl to 2025-02-22T00:00:00+00:00, run_after=2025-02-23T00:00:00+00:00
[2025-02-22T12:52:00.989+0000] {processor.py:179} INFO - Processing /opt/airflow/dags/sample_etl.py took 0.057 seconds
[2025-02-22T12:52:31.234+0000] {processor.py:157} INFO - Started process (PID=135) to work on /opt/airflow/dags/sample_etl.py
[2025-02-22T12:52:31.237+0000] {processor.py:829} INFO - Processing file /opt/airflow/dags/sample_etl.py for tasks to queue
[2025-02-22T12:52:31.239+0000] {logging_mixin.py:154} INFO - [2025-02-22T12:52:31.239+0000] {dagbag.py:536} INFO - Filling up the DagBag from /opt/airflow/dags/sample_etl.py
[2025-02-22T12:52:31.246+0000] {processor.py:839} INFO - DAG(s) dict_keys(['sample_etl']) retrieved from /opt/airflow/dags/sample_etl.py
[2025-02-22T12:52:31.261+0000] {logging_mixin.py:154} INFO - [2025-02-22T12:52:31.260+0000] {dag.py:2941} INFO - Sync 1 DAGs
[2025-02-22T12:52:31.274+0000] {logging_mixin.py:154} INFO - [2025-02-22T12:52:31.274+0000] {dag.py:3722} INFO - Setting next_dagrun for sample_etl to 2025-02-22T00:00:00+00:00, run_after=2025-02-23T00:00:00+00:00
[2025-02-22T12:52:31.284+0000] {processor.py:179} INFO - Processing /opt/airflow/dags/sample_etl.py took 0.052 seconds
[2025-02-22T12:53:01.568+0000] {processor.py:157} INFO - Started process (PID=144) to work on /opt/airflow/dags/sample_etl.py
[2025-02-22T12:53:01.570+0000] {processor.py:829} INFO - Processing file /opt/airflow/dags/sample_etl.py for tasks to queue
[2025-02-22T12:53:01.572+0000] {logging_mixin.py:154} INFO - [2025-02-22T12:53:01.572+0000] {dagbag.py:536} INFO - Filling up the DagBag from /opt/airflow/dags/sample_etl.py
[2025-02-22T12:53:01.583+0000] {processor.py:839} INFO - DAG(s) dict_keys(['sample_etl']) retrieved from /opt/airflow/dags/sample_etl.py
[2025-02-22T12:53:01.600+0000] {logging_mixin.py:154} INFO - [2025-02-22T12:53:01.600+0000] {dag.py:2941} INFO - Sync 1 DAGs
[2025-02-22T12:53:01.616+0000] {logging_mixin.py:154} INFO - [2025-02-22T12:53:01.616+0000] {dag.py:3722} INFO - Setting next_dagrun for sample_etl to 2025-02-22T00:00:00+00:00, run_after=2025-02-23T00:00:00+00:00
[2025-02-22T12:53:01.629+0000] {processor.py:179} INFO - Processing /opt/airflow/dags/sample_etl.py took 0.064 seconds
[2025-02-22T12:53:31.854+0000] {processor.py:157} INFO - Started process (PID=153) to work on /opt/airflow/dags/sample_etl.py
[2025-02-22T12:53:31.855+0000] {processor.py:829} INFO - Processing file /opt/airflow/dags/sample_etl.py for tasks to queue
[2025-02-22T12:53:31.857+0000] {logging_mixin.py:154} INFO - [2025-02-22T12:53:31.857+0000] {dagbag.py:536} INFO - Filling up the DagBag from /opt/airflow/dags/sample_etl.py
[2025-02-22T12:53:31.866+0000] {processor.py:839} INFO - DAG(s) dict_keys(['sample_etl']) retrieved from /opt/airflow/dags/sample_etl.py
[2025-02-22T12:53:31.881+0000] {logging_mixin.py:154} INFO - [2025-02-22T12:53:31.881+0000] {dag.py:2941} INFO - Sync 1 DAGs
[2025-02-22T12:53:31.897+0000] {logging_mixin.py:154} INFO - [2025-02-22T12:53:31.897+0000] {dag.py:3722} INFO - Setting next_dagrun for sample_etl to 2025-02-22T00:00:00+00:00, run_after=2025-02-23T00:00:00+00:00
[2025-02-22T12:53:31.907+0000] {processor.py:179} INFO - Processing /opt/airflow/dags/sample_etl.py took 0.057 seconds
[2025-02-22T12:54:02.142+0000] {processor.py:157} INFO - Started process (PID=162) to work on /opt/airflow/dags/sample_etl.py
[2025-02-22T12:54:02.144+0000] {processor.py:829} INFO - Processing file /opt/airflow/dags/sample_etl.py for tasks to queue
[2025-02-22T12:54:02.146+0000] {logging_mixin.py:154} INFO - [2025-02-22T12:54:02.146+0000] {dagbag.py:536} INFO - Filling up the DagBag from /opt/airflow/dags/sample_etl.py
[2025-02-22T12:54:02.155+0000] {processor.py:839} INFO - DAG(s) dict_keys(['sample_etl']) retrieved from /opt/airflow/dags/sample_etl.py
[2025-02-22T12:54:02.172+0000] {logging_mixin.py:154} INFO - [2025-02-22T12:54:02.172+0000] {dag.py:2941} INFO - Sync 1 DAGs
[2025-02-22T12:54:02.187+0000] {logging_mixin.py:154} INFO - [2025-02-22T12:54:02.187+0000] {dag.py:3722} INFO - Setting next_dagrun for sample_etl to 2025-02-22T00:00:00+00:00, run_after=2025-02-23T00:00:00+00:00
[2025-02-22T12:54:02.197+0000] {processor.py:179} INFO - Processing /opt/airflow/dags/sample_etl.py took 0.058 seconds
[2025-02-22T12:54:32.377+0000] {processor.py:157} INFO - Started process (PID=171) to work on /opt/airflow/dags/sample_etl.py
[2025-02-22T12:54:32.379+0000] {processor.py:829} INFO - Processing file /opt/airflow/dags/sample_etl.py for tasks to queue
[2025-02-22T12:54:32.380+0000] {logging_mixin.py:154} INFO - [2025-02-22T12:54:32.380+0000] {dagbag.py:536} INFO - Filling up the DagBag from /opt/airflow/dags/sample_etl.py
[2025-02-22T12:54:32.388+0000] {processor.py:839} INFO - DAG(s) dict_keys(['sample_etl']) retrieved from /opt/airflow/dags/sample_etl.py
[2025-02-22T12:54:32.402+0000] {logging_mixin.py:154} INFO - [2025-02-22T12:54:32.402+0000] {dag.py:2941} INFO - Sync 1 DAGs
[2025-02-22T12:54:32.416+0000] {logging_mixin.py:154} INFO - [2025-02-22T12:54:32.415+0000] {dag.py:3722} INFO - Setting next_dagrun for sample_etl to 2025-02-22T00:00:00+00:00, run_after=2025-02-23T00:00:00+00:00
[2025-02-22T12:54:32.425+0000] {processor.py:179} INFO - Processing /opt/airflow/dags/sample_etl.py took 0.050 seconds
[2025-02-22T12:55:02.686+0000] {processor.py:157} INFO - Started process (PID=180) to work on /opt/airflow/dags/sample_etl.py
[2025-02-22T12:55:02.688+0000] {processor.py:829} INFO - Processing file /opt/airflow/dags/sample_etl.py for tasks to queue
[2025-02-22T12:55:02.690+0000] {logging_mixin.py:154} INFO - [2025-02-22T12:55:02.690+0000] {dagbag.py:536} INFO - Filling up the DagBag from /opt/airflow/dags/sample_etl.py
[2025-02-22T12:55:02.701+0000] {processor.py:839} INFO - DAG(s) dict_keys(['sample_etl']) retrieved from /opt/airflow/dags/sample_etl.py
[2025-02-22T12:55:02.720+0000] {logging_mixin.py:154} INFO - [2025-02-22T12:55:02.719+0000] {dag.py:2941} INFO - Sync 1 DAGs
[2025-02-22T12:55:02.735+0000] {logging_mixin.py:154} INFO - [2025-02-22T12:55:02.735+0000] {dag.py:3722} INFO - Setting next_dagrun for sample_etl to 2025-02-22T00:00:00+00:00, run_after=2025-02-23T00:00:00+00:00
[2025-02-22T12:55:02.746+0000] {processor.py:179} INFO - Processing /opt/airflow/dags/sample_etl.py took 0.065 seconds
[2025-02-22T12:55:32.984+0000] {processor.py:157} INFO - Started process (PID=188) to work on /opt/airflow/dags/sample_etl.py
[2025-02-22T12:55:32.985+0000] {processor.py:829} INFO - Processing file /opt/airflow/dags/sample_etl.py for tasks to queue
[2025-02-22T12:55:32.989+0000] {logging_mixin.py:154} INFO - [2025-02-22T12:55:32.989+0000] {dagbag.py:536} INFO - Filling up the DagBag from /opt/airflow/dags/sample_etl.py
[2025-02-22T12:55:32.999+0000] {processor.py:839} INFO - DAG(s) dict_keys(['sample_etl']) retrieved from /opt/airflow/dags/sample_etl.py
[2025-02-22T12:55:33.018+0000] {logging_mixin.py:154} INFO - [2025-02-22T12:55:33.018+0000] {dag.py:2941} INFO - Sync 1 DAGs
[2025-02-22T12:55:33.036+0000] {logging_mixin.py:154} INFO - [2025-02-22T12:55:33.036+0000] {dag.py:3722} INFO - Setting next_dagrun for sample_etl to 2025-02-22T00:00:00+00:00, run_after=2025-02-23T00:00:00+00:00
[2025-02-22T12:55:33.048+0000] {processor.py:179} INFO - Processing /opt/airflow/dags/sample_etl.py took 0.068 seconds
[2025-02-22T12:56:03.270+0000] {processor.py:157} INFO - Started process (PID=197) to work on /opt/airflow/dags/sample_etl.py
[2025-02-22T12:56:03.272+0000] {processor.py:829} INFO - Processing file /opt/airflow/dags/sample_etl.py for tasks to queue
[2025-02-22T12:56:03.274+0000] {logging_mixin.py:154} INFO - [2025-02-22T12:56:03.274+0000] {dagbag.py:536} INFO - Filling up the DagBag from /opt/airflow/dags/sample_etl.py
[2025-02-22T12:56:03.284+0000] {processor.py:839} INFO - DAG(s) dict_keys(['sample_etl']) retrieved from /opt/airflow/dags/sample_etl.py
[2025-02-22T12:56:03.302+0000] {logging_mixin.py:154} INFO - [2025-02-22T12:56:03.302+0000] {dag.py:2941} INFO - Sync 1 DAGs
[2025-02-22T12:56:03.319+0000] {logging_mixin.py:154} INFO - [2025-02-22T12:56:03.319+0000] {dag.py:3722} INFO - Setting next_dagrun for sample_etl to 2025-02-22T00:00:00+00:00, run_after=2025-02-23T00:00:00+00:00
[2025-02-22T12:56:03.331+0000] {processor.py:179} INFO - Processing /opt/airflow/dags/sample_etl.py took 0.063 seconds
[2025-02-22T12:56:33.574+0000] {processor.py:157} INFO - Started process (PID=206) to work on /opt/airflow/dags/sample_etl.py
[2025-02-22T12:56:33.575+0000] {processor.py:829} INFO - Processing file /opt/airflow/dags/sample_etl.py for tasks to queue
[2025-02-22T12:56:33.577+0000] {logging_mixin.py:154} INFO - [2025-02-22T12:56:33.576+0000] {dagbag.py:536} INFO - Filling up the DagBag from /opt/airflow/dags/sample_etl.py
[2025-02-22T12:56:33.586+0000] {processor.py:839} INFO - DAG(s) dict_keys(['sample_etl']) retrieved from /opt/airflow/dags/sample_etl.py
[2025-02-22T12:56:33.602+0000] {logging_mixin.py:154} INFO - [2025-02-22T12:56:33.601+0000] {dag.py:2941} INFO - Sync 1 DAGs
[2025-02-22T12:56:33.617+0000] {logging_mixin.py:154} INFO - [2025-02-22T12:56:33.617+0000] {dag.py:3722} INFO - Setting next_dagrun for sample_etl to 2025-02-22T00:00:00+00:00, run_after=2025-02-23T00:00:00+00:00
[2025-02-22T12:56:33.626+0000] {processor.py:179} INFO - Processing /opt/airflow/dags/sample_etl.py took 0.055 seconds
[2025-02-22T12:57:03.853+0000] {processor.py:157} INFO - Started process (PID=215) to work on /opt/airflow/dags/sample_etl.py
[2025-02-22T12:57:03.854+0000] {processor.py:829} INFO - Processing file /opt/airflow/dags/sample_etl.py for tasks to queue
[2025-02-22T12:57:03.855+0000] {logging_mixin.py:154} INFO - [2025-02-22T12:57:03.855+0000] {dagbag.py:536} INFO - Filling up the DagBag from /opt/airflow/dags/sample_etl.py
[2025-02-22T12:57:03.865+0000] {processor.py:839} INFO - DAG(s) dict_keys(['sample_etl']) retrieved from /opt/airflow/dags/sample_etl.py
[2025-02-22T12:57:03.879+0000] {logging_mixin.py:154} INFO - [2025-02-22T12:57:03.879+0000] {dag.py:2941} INFO - Sync 1 DAGs
[2025-02-22T12:57:03.894+0000] {logging_mixin.py:154} INFO - [2025-02-22T12:57:03.894+0000] {dag.py:3722} INFO - Setting next_dagrun for sample_etl to 2025-02-22T00:00:00+00:00, run_after=2025-02-23T00:00:00+00:00
[2025-02-22T12:57:03.905+0000] {processor.py:179} INFO - Processing /opt/airflow/dags/sample_etl.py took 0.055 seconds
[2025-02-22T12:57:34.164+0000] {processor.py:157} INFO - Started process (PID=224) to work on /opt/airflow/dags/sample_etl.py
[2025-02-22T12:57:34.165+0000] {processor.py:829} INFO - Processing file /opt/airflow/dags/sample_etl.py for tasks to queue
[2025-02-22T12:57:34.167+0000] {logging_mixin.py:154} INFO - [2025-02-22T12:57:34.167+0000] {dagbag.py:536} INFO - Filling up the DagBag from /opt/airflow/dags/sample_etl.py
[2025-02-22T12:57:34.179+0000] {processor.py:839} INFO - DAG(s) dict_keys(['sample_etl']) retrieved from /opt/airflow/dags/sample_etl.py
[2025-02-22T12:57:34.194+0000] {logging_mixin.py:154} INFO - [2025-02-22T12:57:34.194+0000] {dag.py:2941} INFO - Sync 1 DAGs
[2025-02-22T12:57:34.210+0000] {logging_mixin.py:154} INFO - [2025-02-22T12:57:34.210+0000] {dag.py:3722} INFO - Setting next_dagrun for sample_etl to 2025-02-22T00:00:00+00:00, run_after=2025-02-23T00:00:00+00:00
[2025-02-22T12:57:34.221+0000] {processor.py:179} INFO - Processing /opt/airflow/dags/sample_etl.py took 0.061 seconds
[2025-02-22T12:58:04.401+0000] {processor.py:157} INFO - Started process (PID=233) to work on /opt/airflow/dags/sample_etl.py
[2025-02-22T12:58:04.403+0000] {processor.py:829} INFO - Processing file /opt/airflow/dags/sample_etl.py for tasks to queue
[2025-02-22T12:58:04.405+0000] {logging_mixin.py:154} INFO - [2025-02-22T12:58:04.405+0000] {dagbag.py:536} INFO - Filling up the DagBag from /opt/airflow/dags/sample_etl.py
[2025-02-22T12:58:04.415+0000] {processor.py:839} INFO - DAG(s) dict_keys(['sample_etl']) retrieved from /opt/airflow/dags/sample_etl.py
[2025-02-22T12:58:04.431+0000] {logging_mixin.py:154} INFO - [2025-02-22T12:58:04.430+0000] {dag.py:2941} INFO - Sync 1 DAGs
[2025-02-22T12:58:04.445+0000] {logging_mixin.py:154} INFO - [2025-02-22T12:58:04.445+0000] {dag.py:3722} INFO - Setting next_dagrun for sample_etl to 2025-02-22T00:00:00+00:00, run_after=2025-02-23T00:00:00+00:00
[2025-02-22T12:58:04.456+0000] {processor.py:179} INFO - Processing /opt/airflow/dags/sample_etl.py took 0.059 seconds
[2025-02-22T12:58:34.663+0000] {processor.py:157} INFO - Started process (PID=242) to work on /opt/airflow/dags/sample_etl.py
[2025-02-22T12:58:34.664+0000] {processor.py:829} INFO - Processing file /opt/airflow/dags/sample_etl.py for tasks to queue
[2025-02-22T12:58:34.665+0000] {logging_mixin.py:154} INFO - [2025-02-22T12:58:34.665+0000] {dagbag.py:536} INFO - Filling up the DagBag from /opt/airflow/dags/sample_etl.py
[2025-02-22T12:58:34.673+0000] {processor.py:839} INFO - DAG(s) dict_keys(['sample_etl']) retrieved from /opt/airflow/dags/sample_etl.py
[2025-02-22T12:58:34.689+0000] {logging_mixin.py:154} INFO - [2025-02-22T12:58:34.689+0000] {dag.py:2941} INFO - Sync 1 DAGs
[2025-02-22T12:58:34.704+0000] {logging_mixin.py:154} INFO - [2025-02-22T12:58:34.704+0000] {dag.py:3722} INFO - Setting next_dagrun for sample_etl to 2025-02-22T00:00:00+00:00, run_after=2025-02-23T00:00:00+00:00
[2025-02-22T12:58:34.714+0000] {processor.py:179} INFO - Processing /opt/airflow/dags/sample_etl.py took 0.053 seconds
